[2024-04-26 07:17:40] merlin-logger.DEBUG: The welcome step has been displayed [] []
[2024-04-26 07:18:35] merlin-logger.DEBUG: The welcome step has been displayed [] []
[2024-04-26 07:18:39] merlin-logger.DEBUG: The child theme installation step has been displayed [] []
[2024-04-26 07:18:41] merlin-logger.DEBUG: The plugin installation step has been displayed [] []
[2024-04-26 07:18:50] merlin-logger.DEBUG: A plugin with the following data will be processed {"plugin_slug":"harington-core-plugin","message":"Installing"} []
[2024-04-26 07:18:51] merlin-logger.DEBUG: A plugin with the following data will be processed {"plugin_slug":"harington-core-plugin","message":"Activating"} []
[2024-04-26 07:18:52] merlin-logger.DEBUG: A plugin with the following data was processed {"plugin_slug":"harington-core-plugin"} []
[2024-04-26 07:18:52] merlin-logger.DEBUG: A plugin with the following data will be processed {"plugin_slug":"contact-form-7","message":"Installing"} []
[2024-04-26 07:18:57] merlin-logger.DEBUG: A plugin with the following data will be processed {"plugin_slug":"contact-form-7","message":"Activating"} []
[2024-04-26 07:18:59] merlin-logger.DEBUG: A plugin with the following data was processed {"plugin_slug":"contact-form-7"} []
[2024-04-26 07:19:00] merlin-logger.DEBUG: A plugin with the following data will be processed {"plugin_slug":"harington-gutenberg-blocks","message":"Installing"} []
[2024-04-26 07:19:01] merlin-logger.DEBUG: A plugin with the following data will be processed {"plugin_slug":"harington-gutenberg-blocks","message":"Activating"} []
[2024-04-26 07:19:02] merlin-logger.DEBUG: A plugin with the following data was processed {"plugin_slug":"harington-gutenberg-blocks"} []
[2024-04-26 07:19:06] merlin-logger.DEBUG: The content import step has been displayed [] []
[2024-04-26 07:19:16] merlin-logger.INFO: The content import AJAX call will be executed with this import data {"title":"Content","data":"C:\\xampp\\htdocs\\tangio-v1/wp-content/uploads/2024/04/content-2024-04-26__07-19-13.xml"} []
[2024-04-26 07:19:16] merlin-logger.DEBUG: The Hello world post status was set to draft [] []
[2024-04-26 07:19:16] merlin-logger.INFO: Imported "Nature" (category) [] []
[2024-04-26 07:19:16] merlin-logger.DEBUG: Term 6 remapped to 2 [] []
[2024-04-26 07:19:16] merlin-logger.INFO: Imported "Sport" (category) [] []
[2024-04-26 07:19:16] merlin-logger.DEBUG: Term 8 remapped to 3 [] []
[2024-04-26 07:19:16] merlin-logger.INFO: Imported "Travel" (category) [] []
[2024-04-26 07:19:16] merlin-logger.DEBUG: Term 4 remapped to 4 [] []
[2024-04-26 07:19:16] merlin-logger.INFO: Imported "autum" (post_tag) [] []
[2024-04-26 07:19:16] merlin-logger.DEBUG: Term 2 remapped to 5 [] []
[2024-04-26 07:19:16] merlin-logger.INFO: Imported "drone" (post_tag) [] []
[2024-04-26 07:19:16] merlin-logger.DEBUG: Term 11 remapped to 6 [] []
[2024-04-26 07:19:16] merlin-logger.INFO: Imported "egypt" (post_tag) [] []
[2024-04-26 07:19:16] merlin-logger.DEBUG: Term 14 remapped to 7 [] []
[2024-04-26 07:19:16] merlin-logger.INFO: Imported "gold" (post_tag) [] []
[2024-04-26 07:19:16] merlin-logger.DEBUG: Term 15 remapped to 8 [] []
[2024-04-26 07:19:17] merlin-logger.INFO: Imported "landscape" (post_tag) [] []
[2024-04-26 07:19:17] merlin-logger.DEBUG: Term 12 remapped to 9 [] []
[2024-04-26 07:19:17] merlin-logger.INFO: Imported "nature" (post_tag) [] []
[2024-04-26 07:19:17] merlin-logger.DEBUG: Term 13 remapped to 10 [] []
[2024-04-26 07:19:17] merlin-logger.INFO: Imported "ocean" (post_tag) [] []
[2024-04-26 07:19:17] merlin-logger.DEBUG: Term 7 remapped to 11 [] []
[2024-04-26 07:19:17] merlin-logger.INFO: Imported "road" (post_tag) [] []
[2024-04-26 07:19:17] merlin-logger.DEBUG: Term 3 remapped to 12 [] []
[2024-04-26 07:19:17] merlin-logger.INFO: Imported "sport" (post_tag) [] []
[2024-04-26 07:19:17] merlin-logger.DEBUG: Term 9 remapped to 13 [] []
[2024-04-26 07:19:17] merlin-logger.INFO: Imported "storm" (post_tag) [] []
[2024-04-26 07:19:17] merlin-logger.DEBUG: Term 16 remapped to 14 [] []
[2024-04-26 07:19:17] merlin-logger.INFO: Imported "trip" (post_tag) [] []
[2024-04-26 07:19:17] merlin-logger.DEBUG: Term 5 remapped to 15 [] []
[2024-04-26 07:19:17] merlin-logger.INFO: Imported "water" (post_tag) [] []
[2024-04-26 07:19:17] merlin-logger.DEBUG: Term 10 remapped to 16 [] []
[2024-04-26 07:19:17] merlin-logger.INFO: Imported "3D Animation" (portfolio_category) [] []
[2024-04-26 07:19:17] merlin-logger.DEBUG: Term 21 remapped to 17 [] []
[2024-04-26 07:19:17] merlin-logger.INFO: Imported "Brand Identity" (portfolio_category) [] []
[2024-04-26 07:19:17] merlin-logger.DEBUG: Term 18 remapped to 18 [] []
[2024-04-26 07:19:17] merlin-logger.INFO: Imported "Design" (portfolio_category) [] []
[2024-04-26 07:19:17] merlin-logger.DEBUG: Term 19 remapped to 19 [] []
[2024-04-26 07:19:17] merlin-logger.INFO: Imported "Graphic Design" (portfolio_category) [] []
[2024-04-26 07:19:17] merlin-logger.DEBUG: Term 17 remapped to 20 [] []
[2024-04-26 07:19:17] merlin-logger.INFO: Imported "Photography" (portfolio_category) [] []
[2024-04-26 07:19:17] merlin-logger.DEBUG: Term 20 remapped to 21 [] []
[2024-04-26 07:19:17] merlin-logger.INFO: Imported "Main Menu" (nav_menu) [] []
[2024-04-26 07:19:17] merlin-logger.DEBUG: Term 22 remapped to 22 [] []
[2024-04-26 07:19:18] merlin-logger.INFO: Imported "1" (Media) [] []
[2024-04-26 07:19:18] merlin-logger.DEBUG: Post 6 remapped to 6 [] []
[2024-04-26 07:19:20] merlin-logger.INFO: Imported "7" (Media) [] []
[2024-04-26 07:19:20] merlin-logger.DEBUG: Post 7 remapped to 7 [] []
[2024-04-26 07:19:21] merlin-logger.INFO: Imported "8" (Media) [] []
[2024-04-26 07:19:21] merlin-logger.DEBUG: Post 8 remapped to 10 [] []
[2024-04-26 07:19:22] merlin-logger.INFO: Imported "12" (Media) [] []
[2024-04-26 07:19:22] merlin-logger.DEBUG: Post 9 remapped to 11 [] []
[2024-04-26 07:19:23] merlin-logger.INFO: Imported "17" (Media) [] []
[2024-04-26 07:19:23] merlin-logger.DEBUG: Post 10 remapped to 12 [] []
[2024-04-26 07:19:24] merlin-logger.INFO: Imported "01hero" (Media) [] []
[2024-04-26 07:19:24] merlin-logger.DEBUG: Post 2567 remapped to 2567 [] []
[2024-04-26 07:19:25] merlin-logger.INFO: Imported "02hero" (Media) [] []
[2024-04-26 07:19:25] merlin-logger.DEBUG: Post 2568 remapped to 2568 [] []
[2024-04-26 07:19:27] merlin-logger.INFO: Imported "03hero" (Media) [] []
[2024-04-26 07:19:27] merlin-logger.DEBUG: Post 2569 remapped to 2569 [] []
[2024-04-26 07:19:28] merlin-logger.INFO: Imported "04hero" (Media) [] []
[2024-04-26 07:19:28] merlin-logger.DEBUG: Post 2570 remapped to 2570 [] []
[2024-04-26 07:19:29] merlin-logger.INFO: Imported "05hero" (Media) [] []
[2024-04-26 07:19:29] merlin-logger.DEBUG: Post 2571 remapped to 2571 [] []
[2024-04-26 07:19:31] merlin-logger.INFO: Imported "06hero" (Media) [] []
[2024-04-26 07:19:31] merlin-logger.DEBUG: Post 2572 remapped to 2572 [] []
[2024-04-26 07:19:31] merlin-logger.INFO: Imported "07hero" (Media) [] []
[2024-04-26 07:19:31] merlin-logger.DEBUG: Post 2573 remapped to 2573 [] []
[2024-04-26 07:19:33] merlin-logger.INFO: Imported "08hero" (Media) [] []
[2024-04-26 07:19:33] merlin-logger.DEBUG: Post 2574 remapped to 2574 [] []
[2024-04-26 07:19:34] merlin-logger.INFO: Imported "about" (Media) [] []
[2024-04-26 07:19:34] merlin-logger.DEBUG: Post 2575 remapped to 2575 [] []
[2024-04-26 07:19:34] merlin-logger.INFO: Imported "client-01" (Media) [] []
[2024-04-26 07:19:34] merlin-logger.DEBUG: Post 2576 remapped to 2576 [] []
[2024-04-26 07:19:35] merlin-logger.INFO: Imported "client-01-black" (Media) [] []
[2024-04-26 07:19:35] merlin-logger.DEBUG: Post 2577 remapped to 2577 [] []
[2024-04-26 07:19:35] merlin-logger.INFO: Imported "client-02" (Media) [] []
[2024-04-26 07:19:35] merlin-logger.DEBUG: Post 2578 remapped to 2578 [] []
[2024-04-26 07:19:36] merlin-logger.INFO: Imported "client-02-black" (Media) [] []
[2024-04-26 07:19:36] merlin-logger.DEBUG: Post 2579 remapped to 2579 [] []
[2024-04-26 07:19:36] merlin-logger.INFO: Imported "client-03" (Media) [] []
[2024-04-26 07:19:36] merlin-logger.DEBUG: Post 2580 remapped to 2580 [] []
[2024-04-26 07:19:36] merlin-logger.INFO: Imported "client-03-black" (Media) [] []
[2024-04-26 07:19:36] merlin-logger.DEBUG: Post 2581 remapped to 2581 [] []
[2024-04-26 07:19:36] merlin-logger.INFO: New AJAX call! [] []
[2024-04-26 07:19:37] merlin-logger.INFO: The content import AJAX call will be executed with this import data {"title":"Content","data":"C:\\xampp\\htdocs\\tangio-v1/wp-content/uploads/2024/04/content-2024-04-26__07-19-13.xml"} []
[2024-04-26 07:19:37] merlin-logger.DEBUG: The Hello world post status was set to draft [] []
[2024-04-26 07:19:38] merlin-logger.INFO: Imported "client-04" (Media) [] []
[2024-04-26 07:19:38] merlin-logger.DEBUG: Post 2582 remapped to 2582 [] []
[2024-04-26 07:19:38] merlin-logger.INFO: Imported "client-04-black" (Media) [] []
[2024-04-26 07:19:38] merlin-logger.DEBUG: Post 2583 remapped to 2583 [] []
[2024-04-26 07:19:39] merlin-logger.INFO: Imported "client-05" (Media) [] []
[2024-04-26 07:19:39] merlin-logger.DEBUG: Post 2584 remapped to 2584 [] []
[2024-04-26 07:19:39] merlin-logger.INFO: Imported "client-05-black" (Media) [] []
[2024-04-26 07:19:39] merlin-logger.DEBUG: Post 2585 remapped to 2585 [] []
[2024-04-26 07:19:40] merlin-logger.INFO: Imported "client-06" (Media) [] []
[2024-04-26 07:19:40] merlin-logger.DEBUG: Post 2586 remapped to 2586 [] []
[2024-04-26 07:19:40] merlin-logger.INFO: Imported "client-06-black" (Media) [] []
[2024-04-26 07:19:40] merlin-logger.DEBUG: Post 2587 remapped to 2587 [] []
[2024-04-26 07:19:41] merlin-logger.INFO: Imported "client-07" (Media) [] []
[2024-04-26 07:19:41] merlin-logger.DEBUG: Post 2588 remapped to 2588 [] []
[2024-04-26 07:19:41] merlin-logger.INFO: Imported "client-07-black" (Media) [] []
[2024-04-26 07:19:41] merlin-logger.DEBUG: Post 2589 remapped to 2589 [] []
[2024-04-26 07:19:43] merlin-logger.INFO: Imported "client-08" (Media) [] []
[2024-04-26 07:19:43] merlin-logger.DEBUG: Post 2590 remapped to 2590 [] []
[2024-04-26 07:19:43] merlin-logger.INFO: Imported "client-08-black" (Media) [] []
[2024-04-26 07:19:43] merlin-logger.DEBUG: Post 2591 remapped to 2591 [] []
[2024-04-26 07:19:45] merlin-logger.INFO: Imported "team1" (Media) [] []
[2024-04-26 07:19:45] merlin-logger.DEBUG: Post 2592 remapped to 2592 [] []
[2024-04-26 07:19:46] merlin-logger.INFO: Imported "team2" (Media) [] []
[2024-04-26 07:19:46] merlin-logger.DEBUG: Post 2593 remapped to 2593 [] []
[2024-04-26 07:19:47] merlin-logger.INFO: Imported "team3" (Media) [] []
[2024-04-26 07:19:47] merlin-logger.DEBUG: Post 2594 remapped to 2594 [] []
[2024-04-26 07:19:49] merlin-logger.INFO: Imported "team4" (Media) [] []
[2024-04-26 07:19:49] merlin-logger.DEBUG: Post 2595 remapped to 2595 [] []
[2024-04-26 07:19:50] merlin-logger.INFO: Imported "team5" (Media) [] []
[2024-04-26 07:19:50] merlin-logger.DEBUG: Post 2596 remapped to 2596 [] []
[2024-04-26 07:19:51] merlin-logger.INFO: Imported "studio01" (Media) [] []
[2024-04-26 07:19:51] merlin-logger.DEBUG: Post 2736 remapped to 2736 [] []
[2024-04-26 07:19:51] merlin-logger.INFO: Imported "studio02" (Media) [] []
[2024-04-26 07:19:51] merlin-logger.DEBUG: Post 2737 remapped to 2737 [] []
[2024-04-26 07:19:53] merlin-logger.INFO: Imported "studio03" (Media) [] []
[2024-04-26 07:19:53] merlin-logger.DEBUG: Post 2738 remapped to 2738 [] []
[2024-04-26 07:19:54] merlin-logger.INFO: Imported "studio04" (Media) [] []
[2024-04-26 07:19:54] merlin-logger.DEBUG: Post 2739 remapped to 2739 [] []
[2024-04-26 07:19:55] merlin-logger.INFO: Imported "about" (Media) [] []
[2024-04-26 07:19:55] merlin-logger.DEBUG: Post 2756 remapped to 2756 [] []
[2024-04-26 07:19:56] merlin-logger.INFO: Imported "london01" (Media) [] []
[2024-04-26 07:19:56] merlin-logger.DEBUG: Post 2837 remapped to 2837 [] []
[2024-04-26 07:19:57] merlin-logger.INFO: Imported "london02" (Media) [] []
[2024-04-26 07:19:57] merlin-logger.DEBUG: Post 2838 remapped to 2838 [] []
[2024-04-26 07:19:57] merlin-logger.INFO: New AJAX call! [] []
[2024-04-26 07:19:58] merlin-logger.INFO: The content import AJAX call will be executed with this import data {"title":"Content","data":"C:\\xampp\\htdocs\\tangio-v1/wp-content/uploads/2024/04/content-2024-04-26__07-19-13.xml"} []
[2024-04-26 07:19:58] merlin-logger.DEBUG: The Hello world post status was set to draft [] []
[2024-04-26 07:19:59] merlin-logger.INFO: Imported "london03" (Media) [] []
[2024-04-26 07:19:59] merlin-logger.DEBUG: Post 2839 remapped to 2839 [] []
[2024-04-26 07:20:00] merlin-logger.INFO: Imported "london04" (Media) [] []
[2024-04-26 07:20:00] merlin-logger.DEBUG: Post 2843 remapped to 2843 [] []
[2024-04-26 07:20:01] merlin-logger.INFO: Imported "london05" (Media) [] []
[2024-04-26 07:20:01] merlin-logger.DEBUG: Post 2844 remapped to 2844 [] []
[2024-04-26 07:20:02] merlin-logger.INFO: Imported "london06" (Media) [] []
[2024-04-26 07:20:02] merlin-logger.DEBUG: Post 2845 remapped to 2845 [] []
[2024-04-26 07:20:02] merlin-logger.INFO: Imported "image01" (Media) [] []
[2024-04-26 07:20:02] merlin-logger.DEBUG: Post 2850 remapped to 2850 [] []
[2024-04-26 07:20:03] merlin-logger.INFO: Imported "image02" (Media) [] []
[2024-04-26 07:20:03] merlin-logger.DEBUG: Post 2851 remapped to 2851 [] []
[2024-04-26 07:20:04] merlin-logger.INFO: Imported "image03" (Media) [] []
[2024-04-26 07:20:04] merlin-logger.DEBUG: Post 2852 remapped to 2852 [] []
[2024-04-26 07:20:04] merlin-logger.INFO: Imported "image04" (Media) [] []
[2024-04-26 07:20:04] merlin-logger.DEBUG: Post 2853 remapped to 2853 [] []
[2024-04-26 07:20:06] merlin-logger.INFO: Imported "moon01" (Media) [] []
[2024-04-26 07:20:06] merlin-logger.DEBUG: Post 2858 remapped to 2858 [] []
[2024-04-26 07:20:07] merlin-logger.INFO: Imported "moon02" (Media) [] []
[2024-04-26 07:20:07] merlin-logger.DEBUG: Post 2859 remapped to 2859 [] []
[2024-04-26 07:20:08] merlin-logger.INFO: Imported "moon03" (Media) [] []
[2024-04-26 07:20:08] merlin-logger.DEBUG: Post 2860 remapped to 2860 [] []
[2024-04-26 07:20:09] merlin-logger.INFO: Imported "listen01" (Media) [] []
[2024-04-26 07:20:09] merlin-logger.DEBUG: Post 2869 remapped to 2869 [] []
[2024-04-26 07:20:10] merlin-logger.INFO: Imported "listen02" (Media) [] []
[2024-04-26 07:20:10] merlin-logger.DEBUG: Post 2870 remapped to 2870 [] []
[2024-04-26 07:20:11] merlin-logger.INFO: Imported "listen03" (Media) [] []
[2024-04-26 07:20:11] merlin-logger.DEBUG: Post 2871 remapped to 2871 [] []
[2024-04-26 07:20:14] merlin-logger.INFO: Imported "listen06" (Media) [] []
[2024-04-26 07:20:14] merlin-logger.DEBUG: Post 2872 remapped to 2872 [] []
[2024-04-26 07:20:16] merlin-logger.INFO: Imported "hotel01" (Media) [] []
[2024-04-26 07:20:16] merlin-logger.DEBUG: Post 2883 remapped to 2883 [] []
[2024-04-26 07:20:17] merlin-logger.INFO: Imported "hotel02" (Media) [] []
[2024-04-26 07:20:17] merlin-logger.DEBUG: Post 2884 remapped to 2884 [] []
[2024-04-26 07:20:18] merlin-logger.INFO: Imported "hotel03" (Media) [] []
[2024-04-26 07:20:18] merlin-logger.DEBUG: Post 2885 remapped to 2885 [] []
[2024-04-26 07:20:19] merlin-logger.INFO: Imported "hotel04" (Media) [] []
[2024-04-26 07:20:19] merlin-logger.DEBUG: Post 2886 remapped to 2886 [] []
[2024-04-26 07:20:19] merlin-logger.INFO: New AJAX call! [] []
[2024-04-26 07:20:20] merlin-logger.INFO: The content import AJAX call will be executed with this import data {"title":"Content","data":"C:\\xampp\\htdocs\\tangio-v1/wp-content/uploads/2024/04/content-2024-04-26__07-19-13.xml"} []
[2024-04-26 07:20:20] merlin-logger.DEBUG: The Hello world post status was set to draft [] []
[2024-04-26 07:20:21] merlin-logger.INFO: Imported "hotel05" (Media) [] []
[2024-04-26 07:20:21] merlin-logger.DEBUG: Post 2887 remapped to 2887 [] []
[2024-04-26 07:20:22] merlin-logger.INFO: Imported "hotel06" (Media) [] []
[2024-04-26 07:20:22] merlin-logger.DEBUG: Post 2888 remapped to 2888 [] []
[2024-04-26 07:20:24] merlin-logger.INFO: Imported "hotel07" (Media) [] []
[2024-04-26 07:20:24] merlin-logger.DEBUG: Post 2889 remapped to 2889 [] []
[2024-04-26 07:20:25] merlin-logger.INFO: Imported "hotel08" (Media) [] []
[2024-04-26 07:20:25] merlin-logger.DEBUG: Post 2890 remapped to 2890 [] []
[2024-04-26 07:20:28] merlin-logger.INFO: Imported "liquify01" (Media) [] []
[2024-04-26 07:20:28] merlin-logger.DEBUG: Post 2895 remapped to 2895 [] []
[2024-04-26 07:20:31] merlin-logger.INFO: Imported "liquify02" (Media) [] []
[2024-04-26 07:20:31] merlin-logger.DEBUG: Post 2896 remapped to 2896 [] []
[2024-04-26 07:20:34] merlin-logger.INFO: Imported "liquify03" (Media) [] []
[2024-04-26 07:20:34] merlin-logger.DEBUG: Post 2897 remapped to 2897 [] []
[2024-04-26 07:20:35] merlin-logger.INFO: Imported "orenda01" (Media) [] []
[2024-04-26 07:20:35] merlin-logger.DEBUG: Post 2898 remapped to 2898 [] []
[2024-04-26 07:20:36] merlin-logger.INFO: Imported "orenda02" (Media) [] []
[2024-04-26 07:20:36] merlin-logger.DEBUG: Post 2899 remapped to 2899 [] []
[2024-04-26 07:20:40] merlin-logger.INFO: Imported "orenda03" (Media) [] []
[2024-04-26 07:20:40] merlin-logger.DEBUG: Post 2901 remapped to 2901 [] []
[2024-04-26 07:20:40] merlin-logger.INFO: New AJAX call! [] []
[2024-04-26 07:20:41] merlin-logger.INFO: The content import AJAX call will be executed with this import data {"title":"Content","data":"C:\\xampp\\htdocs\\tangio-v1/wp-content/uploads/2024/04/content-2024-04-26__07-19-13.xml"} []
[2024-04-26 07:20:41] merlin-logger.DEBUG: The Hello world post status was set to draft [] []
[2024-04-26 07:20:42] merlin-logger.INFO: Imported "orenda04" (Media) [] []
[2024-04-26 07:20:42] merlin-logger.DEBUG: Post 2902 remapped to 2902 [] []
[2024-04-26 07:20:45] merlin-logger.INFO: Imported "orenda05" (Media) [] []
[2024-04-26 07:20:45] merlin-logger.DEBUG: Post 2903 remapped to 2903 [] []
[2024-04-26 07:20:47] merlin-logger.INFO: Imported "opulence01" (Media) [] []
[2024-04-26 07:20:47] merlin-logger.DEBUG: Post 2904 remapped to 2904 [] []
[2024-04-26 07:20:48] merlin-logger.INFO: Imported "opulence02" (Media) [] []
[2024-04-26 07:20:48] merlin-logger.DEBUG: Post 2905 remapped to 2905 [] []
[2024-04-26 07:20:50] merlin-logger.INFO: Imported "opulence03" (Media) [] []
[2024-04-26 07:20:50] merlin-logger.DEBUG: Post 2906 remapped to 2906 [] []
[2024-04-26 07:20:51] merlin-logger.INFO: Imported "opulence04" (Media) [] []
[2024-04-26 07:20:51] merlin-logger.DEBUG: Post 2907 remapped to 2907 [] []
[2024-04-26 07:20:52] merlin-logger.INFO: Imported "opulence05" (Media) [] []
[2024-04-26 07:20:52] merlin-logger.DEBUG: Post 2908 remapped to 2908 [] []
[2024-04-26 07:20:53] merlin-logger.INFO: Imported "collage01" (Media) [] []
[2024-04-26 07:20:53] merlin-logger.DEBUG: Post 3006 remapped to 3006 [] []
[2024-04-26 07:20:53] merlin-logger.INFO: Imported "collage02" (Media) [] []
[2024-04-26 07:20:53] merlin-logger.DEBUG: Post 3007 remapped to 3007 [] []
[2024-04-26 07:20:53] merlin-logger.INFO: Imported "Only Opulence" (Portfolio) [] []
[2024-04-26 07:20:53] merlin-logger.DEBUG: Post 2597 remapped to 2597 [] []
[2024-04-26 07:20:54] merlin-logger.INFO: Imported "Orenda Coffee" (Portfolio) [] []
[2024-04-26 07:20:54] merlin-logger.DEBUG: Post 2598 remapped to 2598 [] []
[2024-04-26 07:20:54] merlin-logger.INFO: Imported "Liquify Typography" (Portfolio) [] []
[2024-04-26 07:20:54] merlin-logger.DEBUG: Post 2599 remapped to 2599 [] []
[2024-04-26 07:20:54] merlin-logger.INFO: Imported "Hotel Room" (Portfolio) [] []
[2024-04-26 07:20:54] merlin-logger.DEBUG: Post 2600 remapped to 2600 [] []
[2024-04-26 07:20:54] merlin-logger.INFO: Imported "Listen Everything" (Portfolio) [] []
[2024-04-26 07:20:54] merlin-logger.DEBUG: Post 2601 remapped to 2601 [] []
[2024-04-26 07:20:55] merlin-logger.INFO: Imported "Moon Purple Dust" (Portfolio) [] []
[2024-04-26 07:20:55] merlin-logger.DEBUG: Post 2602 remapped to 2602 [] []
[2024-04-26 07:20:55] merlin-logger.INFO: Imported "Font Porlane" (Portfolio) [] []
[2024-04-26 07:20:55] merlin-logger.DEBUG: Post 2603 remapped to 2603 [] []
[2024-04-26 07:20:55] merlin-logger.INFO: Imported "London Royal Theatre" (Portfolio) [] []
[2024-04-26 07:20:55] merlin-logger.DEBUG: Post 2604 remapped to 2604 [] []
[2024-04-26 07:20:56] merlin-logger.INFO: Imported "Portfolio" (Navigation Menu Item) [] []
[2024-04-26 07:20:56] merlin-logger.DEBUG: Post 2609 remapped to 2609 [] []
[2024-04-26 07:20:56] merlin-logger.DEBUG: Processing menu item post_type [] []
[2024-04-26 07:20:56] merlin-logger.INFO: Imported "" (Navigation Menu Item) [] []
[2024-04-26 07:20:56] merlin-logger.DEBUG: Post 2610 remapped to 2610 [] []
[2024-04-26 07:20:56] merlin-logger.DEBUG: Processing menu item post_type [] []
[2024-04-26 07:20:56] merlin-logger.INFO: Imported "" (Navigation Menu Item) [] []
[2024-04-26 07:20:56] merlin-logger.DEBUG: Post 2916 remapped to 2916 [] []
[2024-04-26 07:20:56] merlin-logger.DEBUG: Processing menu item post_type [] []
[2024-04-26 07:20:57] merlin-logger.INFO: Imported "collage03" (Media) [] []
[2024-04-26 07:20:57] merlin-logger.DEBUG: Post 3008 remapped to 3008 [] []
[2024-04-26 07:20:57] merlin-logger.INFO: Imported "collage04" (Media) [] []
[2024-04-26 07:20:57] merlin-logger.DEBUG: Post 3009 remapped to 3009 [] []
[2024-04-26 07:20:58] merlin-logger.INFO: Imported "collage05" (Media) [] []
[2024-04-26 07:20:58] merlin-logger.DEBUG: Post 3010 remapped to 3010 [] []
[2024-04-26 07:20:58] merlin-logger.INFO: Imported "collage06" (Media) [] []
[2024-04-26 07:20:58] merlin-logger.DEBUG: Post 3011 remapped to 3011 [] []
[2024-04-26 07:20:59] merlin-logger.INFO: Imported "collage07" (Media) [] []
[2024-04-26 07:20:59] merlin-logger.DEBUG: Post 3012 remapped to 3012 [] []
[2024-04-26 07:20:59] merlin-logger.INFO: Imported "image01" (Media) [] []
[2024-04-26 07:20:59] merlin-logger.DEBUG: Post 3015 remapped to 3015 [] []
[2024-04-26 07:21:00] merlin-logger.INFO: Imported "image02" (Media) [] []
[2024-04-26 07:21:00] merlin-logger.DEBUG: Post 3016 remapped to 3016 [] []
[2024-04-26 07:21:00] merlin-logger.INFO: Imported "image03" (Media) [] []
[2024-04-26 07:21:00] merlin-logger.DEBUG: Post 3017 remapped to 3017 [] []
[2024-04-26 07:21:01] merlin-logger.INFO: Imported "image04" (Media) [] []
[2024-04-26 07:21:01] merlin-logger.DEBUG: Post 3018 remapped to 3018 [] []
[2024-04-26 07:21:01] merlin-logger.INFO: New AJAX call! [] []
[2024-04-26 07:21:02] merlin-logger.INFO: The content import AJAX call will be executed with this import data {"title":"Content","data":"C:\\xampp\\htdocs\\tangio-v1/wp-content/uploads/2024/04/content-2024-04-26__07-19-13.xml"} []
[2024-04-26 07:21:02] merlin-logger.DEBUG: The Hello world post status was set to draft [] []
[2024-04-26 07:21:02] merlin-logger.INFO: Imported "Privacy Policy" (Page) [] []
[2024-04-26 07:21:02] merlin-logger.DEBUG: Post 3 remapped to 3019 [] []
[2024-04-26 07:21:02] merlin-logger.INFO: Imported "Home" (Navigation Menu Item) [] []
[2024-04-26 07:21:02] merlin-logger.DEBUG: Post 2623 remapped to 2623 [] []
[2024-04-26 07:21:02] merlin-logger.DEBUG: Processing menu item post_type [] []
[2024-04-26 07:21:02] merlin-logger.INFO: Imported "" (Navigation Menu Item) [] []
[2024-04-26 07:21:02] merlin-logger.DEBUG: Post 2624 remapped to 2624 [] []
[2024-04-26 07:21:02] merlin-logger.DEBUG: Processing menu item post_type [] []
[2024-04-26 07:21:02] merlin-logger.INFO: Imported "" (Navigation Menu Item) [] []
[2024-04-26 07:21:02] merlin-logger.DEBUG: Post 2625 remapped to 2625 [] []
[2024-04-26 07:21:03] merlin-logger.DEBUG: Processing menu item post_type [] []
[2024-04-26 07:21:03] merlin-logger.INFO: Imported "" (Navigation Menu Item) [] []
[2024-04-26 07:21:03] merlin-logger.DEBUG: Post 2626 remapped to 2626 [] []
[2024-04-26 07:21:03] merlin-logger.DEBUG: Processing menu item post_type [] []
[2024-04-26 07:21:03] merlin-logger.INFO: Imported "" (Navigation Menu Item) [] []
[2024-04-26 07:21:03] merlin-logger.DEBUG: Post 2627 remapped to 2627 [] []
[2024-04-26 07:21:03] merlin-logger.DEBUG: Processing menu item post_type [] []
[2024-04-26 07:21:03] merlin-logger.INFO: Imported "" (Navigation Menu Item) [] []
[2024-04-26 07:21:03] merlin-logger.DEBUG: Post 2628 remapped to 2628 [] []
[2024-04-26 07:21:04] merlin-logger.DEBUG: Processing menu item post_type [] []
[2024-04-26 07:21:04] merlin-logger.INFO: Imported "" (Navigation Menu Item) [] []
[2024-04-26 07:21:04] merlin-logger.DEBUG: Post 2629 remapped to 2629 [] []
[2024-04-26 07:21:04] merlin-logger.DEBUG: Processing menu item post_type [] []
[2024-04-26 07:21:04] merlin-logger.INFO: Imported "" (Navigation Menu Item) [] []
[2024-04-26 07:21:04] merlin-logger.DEBUG: Post 2630 remapped to 2630 [] []
[2024-04-26 07:21:04] merlin-logger.DEBUG: Processing menu item post_type [] []
[2024-04-26 07:21:04] merlin-logger.INFO: Imported "" (Navigation Menu Item) [] []
[2024-04-26 07:21:04] merlin-logger.DEBUG: Post 2715 remapped to 2715 [] []
[2024-04-26 07:21:05] merlin-logger.DEBUG: Processing menu item post_type [] []
[2024-04-26 07:21:05] merlin-logger.INFO: Imported "" (Navigation Menu Item) [] []
[2024-04-26 07:21:05] merlin-logger.DEBUG: Post 2716 remapped to 2716 [] []
[2024-04-26 07:21:05] merlin-logger.DEBUG: Processing menu item post_type [] []
[2024-04-26 07:21:05] merlin-logger.INFO: Imported "" (Navigation Menu Item) [] []
[2024-04-26 07:21:05] merlin-logger.DEBUG: Post 2717 remapped to 2717 [] []
[2024-04-26 07:21:05] merlin-logger.DEBUG: Processing menu item post_type [] []
[2024-04-26 07:21:05] merlin-logger.INFO: Imported "" (Navigation Menu Item) [] []
[2024-04-26 07:21:05] merlin-logger.DEBUG: Post 2718 remapped to 2718 [] []
[2024-04-26 07:21:05] merlin-logger.DEBUG: Processing menu item post_type [] []
[2024-04-26 07:21:06] merlin-logger.INFO: Imported "" (Navigation Menu Item) [] []
[2024-04-26 07:21:06] merlin-logger.DEBUG: Post 2719 remapped to 2719 [] []
[2024-04-26 07:21:06] merlin-logger.DEBUG: Processing menu item post_type [] []
[2024-04-26 07:21:06] merlin-logger.INFO: Imported "More" (Navigation Menu Item) [] []
[2024-04-26 07:21:06] merlin-logger.DEBUG: Post 2720 remapped to 2720 [] []
[2024-04-26 07:21:06] merlin-logger.DEBUG: Processing menu item post_type [] []
[2024-04-26 07:21:06] merlin-logger.INFO: Imported "" (Navigation Menu Item) [] []
[2024-04-26 07:21:06] merlin-logger.DEBUG: Post 2911 remapped to 2911 [] []
[2024-04-26 07:21:06] merlin-logger.DEBUG: Processing menu item post_type [] []
[2024-04-26 07:21:06] merlin-logger.INFO: Imported "" (Navigation Menu Item) [] []
[2024-04-26 07:21:06] merlin-logger.DEBUG: Post 2912 remapped to 2912 [] []
[2024-04-26 07:21:06] merlin-logger.DEBUG: Processing menu item post_type [] []
[2024-04-26 07:21:06] merlin-logger.INFO: Imported "" (Navigation Menu Item) [] []
[2024-04-26 07:21:06] merlin-logger.DEBUG: Post 2913 remapped to 2913 [] []
[2024-04-26 07:21:07] merlin-logger.DEBUG: Processing menu item post_type [] []
[2024-04-26 07:21:07] merlin-logger.INFO: Imported "" (Navigation Menu Item) [] []
[2024-04-26 07:21:07] merlin-logger.DEBUG: Post 2914 remapped to 2914 [] []
[2024-04-26 07:21:07] merlin-logger.DEBUG: Processing menu item post_type [] []
[2024-04-26 07:21:07] merlin-logger.INFO: Imported "" (Navigation Menu Item) [] []
[2024-04-26 07:21:07] merlin-logger.DEBUG: Post 2915 remapped to 2915 [] []
[2024-04-26 07:21:07] merlin-logger.DEBUG: Processing menu item post_type [] []
[2024-04-26 07:21:07] merlin-logger.INFO: Imported "Sample Page" (Page) [] []
[2024-04-26 07:21:07] merlin-logger.DEBUG: Post 2 remapped to 3020 [] []
[2024-04-26 07:21:08] merlin-logger.INFO: Imported "Hello world!" (Post) [] []
[2024-04-26 07:21:08] merlin-logger.DEBUG: Post 30 remapped to 30 [] []
[2024-04-26 07:21:08] merlin-logger.INFO: Imported "Stories" (Page) [] []
[2024-04-26 07:21:08] merlin-logger.DEBUG: Post 2565 remapped to 2565 [] []
[2024-04-26 07:21:09] merlin-logger.INFO: Imported "Spaced Metro" (Page) [] []
[2024-04-26 07:21:09] merlin-logger.DEBUG: Post 2605 remapped to 2605 [] []
[2024-04-26 07:21:10] merlin-logger.INFO: Imported "Landing Page" (Page) [] []
[2024-04-26 07:21:10] merlin-logger.DEBUG: Post 2611 remapped to 2611 [] []
[2024-04-26 07:21:10] merlin-logger.INFO: Imported "Showcase Slider" (Page) [] []
[2024-04-26 07:21:10] merlin-logger.DEBUG: Post 2613 remapped to 2613 [] []
[2024-04-26 07:21:10] merlin-logger.INFO: Imported "Showcase Carousel" (Page) [] []
[2024-04-26 07:21:10] merlin-logger.DEBUG: Post 2615 remapped to 2615 [] []
[2024-04-26 07:21:11] merlin-logger.INFO: Imported "Parallax Panels" (Page) [] []
[2024-04-26 07:21:11] merlin-logger.DEBUG: Post 2617 remapped to 2617 [] []
[2024-04-26 07:21:11] merlin-logger.INFO: Imported "Archive Lists" (Page) [] []
[2024-04-26 07:21:11] merlin-logger.DEBUG: Post 2619 remapped to 2619 [] []
[2024-04-26 07:21:11] merlin-logger.INFO: Imported "Reverse Columns" (Page) [] []
[2024-04-26 07:21:11] merlin-logger.DEBUG: Post 2621 remapped to 2621 [] []
[2024-04-26 07:21:12] merlin-logger.INFO: Imported "Random Parallax" (Page) [] []
[2024-04-26 07:21:12] merlin-logger.DEBUG: Post 2631 remapped to 2631 [] []
[2024-04-26 07:21:12] merlin-logger.INFO: Imported "Ladder Grid" (Page) [] []
[2024-04-26 07:21:12] merlin-logger.DEBUG: Post 2633 remapped to 2633 [] []
[2024-04-26 07:21:12] merlin-logger.INFO: Imported "Scaleout Thirds" (Page) [] []
[2024-04-26 07:21:12] merlin-logger.DEBUG: Post 2635 remapped to 2635 [] []
[2024-04-26 07:21:12] merlin-logger.INFO: Imported "Classic Duo" (Page) [] []
[2024-04-26 07:21:12] merlin-logger.DEBUG: Post 2637 remapped to 2637 [] []
[2024-04-26 07:21:13] merlin-logger.INFO: Imported "Mixed Grid" (Page) [] []
[2024-04-26 07:21:13] merlin-logger.DEBUG: Post 2639 remapped to 2639 [] []
[2024-04-26 07:21:13] merlin-logger.INFO: Imported "Shortcodes" (Page) [] []
[2024-04-26 07:21:13] merlin-logger.DEBUG: Post 2706 remapped to 2706 [] []
[2024-04-26 07:21:14] merlin-logger.INFO: Imported "Typography" (Page) [] []
[2024-04-26 07:21:14] merlin-logger.DEBUG: Post 2708 remapped to 2708 [] []
[2024-04-26 07:21:14] merlin-logger.INFO: Imported "Multimedia" (Page) [] []
[2024-04-26 07:21:14] merlin-logger.DEBUG: Post 2710 remapped to 2710 [] []
[2024-04-26 07:21:15] merlin-logger.INFO: Imported "About" (Page) [] []
[2024-04-26 07:21:15] merlin-logger.DEBUG: Post 2711 remapped to 2711 [] []
[2024-04-26 07:21:15] merlin-logger.INFO: Imported "Contact" (Page) [] []
[2024-04-26 07:21:15] merlin-logger.DEBUG: Post 2713 remapped to 2713 [] []
[2024-04-26 07:21:16] merlin-logger.INFO: Imported "Endless Road Stories" (Post) [] []
[2024-04-26 07:21:16] merlin-logger.DEBUG: Post 2551 remapped to 2551 [] []
[2024-04-26 07:21:17] merlin-logger.INFO: Imported "Blonde Surf Girl" (Post) [] []
[2024-04-26 07:21:17] merlin-logger.DEBUG: Post 2553 remapped to 2553 [] []
[2024-04-26 07:21:18] merlin-logger.INFO: Imported "Bird Eye Shots" (Post) [] []
[2024-04-26 07:21:18] merlin-logger.DEBUG: Post 2555 remapped to 2555 [] []
[2024-04-26 07:21:18] merlin-logger.INFO: Imported "Desert Treasure Hunt" (Post) [] []
[2024-04-26 07:21:18] merlin-logger.DEBUG: Post 2557 remapped to 2557 [] []
[2024-04-26 07:21:19] merlin-logger.INFO: Imported "Blue Ocean Waves" (Post) [] []
[2024-04-26 07:21:19] merlin-logger.DEBUG: Post 2559 remapped to 2559 [] []
[2024-04-26 07:21:19] merlin-logger.INFO: Imported "Contact form 1" (Contact Form) [] []
[2024-04-26 07:21:19] merlin-logger.DEBUG: Post 2721 remapped to 2721 [] []
[2024-04-26 07:21:20] merlin-logger.DEBUG: Running post-processing for post 6 [] []
[2024-04-26 07:21:20] merlin-logger.WARNING: Could not find the author for "1" (post #6) [] []
[2024-04-26 07:21:20] merlin-logger.DEBUG: Post 6 was imported with author "admin", but could not be found [] []
[2024-04-26 07:21:20] merlin-logger.DEBUG: Post 6 was marked for post-processing, but none was required. [] []
[2024-04-26 07:21:20] merlin-logger.DEBUG: Running post-processing for post 7 [] []
[2024-04-26 07:21:20] merlin-logger.WARNING: Could not find the author for "7" (post #7) [] []
[2024-04-26 07:21:20] merlin-logger.DEBUG: Post 7 was imported with author "admin", but could not be found [] []
[2024-04-26 07:21:20] merlin-logger.DEBUG: Post 7 was marked for post-processing, but none was required. [] []
[2024-04-26 07:21:20] merlin-logger.DEBUG: Running post-processing for post 10 [] []
[2024-04-26 07:21:20] merlin-logger.WARNING: Could not find the author for "8" (post #10) [] []
[2024-04-26 07:21:20] merlin-logger.DEBUG: Post 10 was imported with author "admin", but could not be found [] []
[2024-04-26 07:21:20] merlin-logger.DEBUG: Post 10 was marked for post-processing, but none was required. [] []
[2024-04-26 07:21:20] merlin-logger.DEBUG: Running post-processing for post 11 [] []
[2024-04-26 07:21:20] merlin-logger.WARNING: Could not find the author for "12" (post #11) [] []
[2024-04-26 07:21:20] merlin-logger.DEBUG: Post 11 was imported with author "admin", but could not be found [] []
[2024-04-26 07:21:20] merlin-logger.DEBUG: Post 11 was marked for post-processing, but none was required. [] []
[2024-04-26 07:21:20] merlin-logger.DEBUG: Running post-processing for post 12 [] []
[2024-04-26 07:21:20] merlin-logger.WARNING: Could not find the author for "17" (post #12) [] []
[2024-04-26 07:21:20] merlin-logger.DEBUG: Post 12 was imported with author "admin", but could not be found [] []
[2024-04-26 07:21:20] merlin-logger.DEBUG: Post 12 was marked for post-processing, but none was required. [] []
[2024-04-26 07:21:20] merlin-logger.DEBUG: Running post-processing for post 2567 [] []
[2024-04-26 07:21:20] merlin-logger.WARNING: Could not find the author for "01hero" (post #2567) [] []
[2024-04-26 07:21:20] merlin-logger.DEBUG: Post 2567 was imported with author "admin", but could not be found [] []
[2024-04-26 07:21:20] merlin-logger.DEBUG: Post 2567 was marked for post-processing, but none was required. [] []
[2024-04-26 07:21:20] merlin-logger.DEBUG: Running post-processing for post 2568 [] []
[2024-04-26 07:21:20] merlin-logger.WARNING: Could not find the author for "02hero" (post #2568) [] []
[2024-04-26 07:21:20] merlin-logger.DEBUG: Post 2568 was imported with author "admin", but could not be found [] []
[2024-04-26 07:21:20] merlin-logger.DEBUG: Post 2568 was marked for post-processing, but none was required. [] []
[2024-04-26 07:21:20] merlin-logger.DEBUG: Running post-processing for post 2569 [] []
[2024-04-26 07:21:20] merlin-logger.WARNING: Could not find the author for "03hero" (post #2569) [] []
[2024-04-26 07:21:20] merlin-logger.DEBUG: Post 2569 was imported with author "admin", but could not be found [] []
[2024-04-26 07:21:20] merlin-logger.DEBUG: Post 2569 was marked for post-processing, but none was required. [] []
[2024-04-26 07:21:20] merlin-logger.DEBUG: Running post-processing for post 2570 [] []
[2024-04-26 07:21:20] merlin-logger.WARNING: Could not find the author for "04hero" (post #2570) [] []
[2024-04-26 07:21:20] merlin-logger.DEBUG: Post 2570 was imported with author "admin", but could not be found [] []
[2024-04-26 07:21:20] merlin-logger.DEBUG: Post 2570 was marked for post-processing, but none was required. [] []
[2024-04-26 07:21:20] merlin-logger.DEBUG: Running post-processing for post 2571 [] []
[2024-04-26 07:21:20] merlin-logger.WARNING: Could not find the author for "05hero" (post #2571) [] []
[2024-04-26 07:21:20] merlin-logger.DEBUG: Post 2571 was imported with author "admin", but could not be found [] []
[2024-04-26 07:21:20] merlin-logger.DEBUG: Post 2571 was marked for post-processing, but none was required. [] []
[2024-04-26 07:21:20] merlin-logger.DEBUG: Running post-processing for post 2572 [] []
[2024-04-26 07:21:20] merlin-logger.WARNING: Could not find the author for "06hero" (post #2572) [] []
[2024-04-26 07:21:20] merlin-logger.DEBUG: Post 2572 was imported with author "admin", but could not be found [] []
[2024-04-26 07:21:20] merlin-logger.DEBUG: Post 2572 was marked for post-processing, but none was required. [] []
[2024-04-26 07:21:20] merlin-logger.DEBUG: Running post-processing for post 2573 [] []
[2024-04-26 07:21:20] merlin-logger.WARNING: Could not find the author for "07hero" (post #2573) [] []
[2024-04-26 07:21:20] merlin-logger.DEBUG: Post 2573 was imported with author "admin", but could not be found [] []
[2024-04-26 07:21:20] merlin-logger.DEBUG: Post 2573 was marked for post-processing, but none was required. [] []
[2024-04-26 07:21:20] merlin-logger.DEBUG: Running post-processing for post 2574 [] []
[2024-04-26 07:21:20] merlin-logger.WARNING: Could not find the author for "08hero" (post #2574) [] []
[2024-04-26 07:21:20] merlin-logger.DEBUG: Post 2574 was imported with author "admin", but could not be found [] []
[2024-04-26 07:21:20] merlin-logger.DEBUG: Post 2574 was marked for post-processing, but none was required. [] []
[2024-04-26 07:21:20] merlin-logger.DEBUG: Running post-processing for post 2575 [] []
[2024-04-26 07:21:20] merlin-logger.WARNING: Could not find the author for "about" (post #2575) [] []
[2024-04-26 07:21:20] merlin-logger.DEBUG: Post 2575 was imported with author "admin", but could not be found [] []
[2024-04-26 07:21:20] merlin-logger.DEBUG: Post 2575 was marked for post-processing, but none was required. [] []
[2024-04-26 07:21:20] merlin-logger.DEBUG: Running post-processing for post 2576 [] []
[2024-04-26 07:21:20] merlin-logger.WARNING: Could not find the author for "client-01" (post #2576) [] []
[2024-04-26 07:21:20] merlin-logger.DEBUG: Post 2576 was imported with author "admin", but could not be found [] []
[2024-04-26 07:21:20] merlin-logger.DEBUG: Post 2576 was marked for post-processing, but none was required. [] []
[2024-04-26 07:21:20] merlin-logger.DEBUG: Running post-processing for post 2577 [] []
[2024-04-26 07:21:20] merlin-logger.WARNING: Could not find the author for "client-01-black" (post #2577) [] []
[2024-04-26 07:21:20] merlin-logger.DEBUG: Post 2577 was imported with author "admin", but could not be found [] []
[2024-04-26 07:21:20] merlin-logger.DEBUG: Post 2577 was marked for post-processing, but none was required. [] []
[2024-04-26 07:21:20] merlin-logger.DEBUG: Running post-processing for post 2578 [] []
[2024-04-26 07:21:20] merlin-logger.WARNING: Could not find the author for "client-02" (post #2578) [] []
[2024-04-26 07:21:20] merlin-logger.DEBUG: Post 2578 was imported with author "admin", but could not be found [] []
[2024-04-26 07:21:20] merlin-logger.DEBUG: Post 2578 was marked for post-processing, but none was required. [] []
[2024-04-26 07:21:20] merlin-logger.DEBUG: Running post-processing for post 2579 [] []
[2024-04-26 07:21:20] merlin-logger.WARNING: Could not find the author for "client-02-black" (post #2579) [] []
[2024-04-26 07:21:20] merlin-logger.DEBUG: Post 2579 was imported with author "admin", but could not be found [] []
[2024-04-26 07:21:20] merlin-logger.DEBUG: Post 2579 was marked for post-processing, but none was required. [] []
[2024-04-26 07:21:20] merlin-logger.DEBUG: Running post-processing for post 2580 [] []
[2024-04-26 07:21:20] merlin-logger.WARNING: Could not find the author for "client-03" (post #2580) [] []
[2024-04-26 07:21:20] merlin-logger.DEBUG: Post 2580 was imported with author "admin", but could not be found [] []
[2024-04-26 07:21:20] merlin-logger.DEBUG: Post 2580 was marked for post-processing, but none was required. [] []
[2024-04-26 07:21:20] merlin-logger.DEBUG: Running post-processing for post 2581 [] []
[2024-04-26 07:21:20] merlin-logger.WARNING: Could not find the author for "client-03-black" (post #2581) [] []
[2024-04-26 07:21:20] merlin-logger.DEBUG: Post 2581 was imported with author "admin", but could not be found [] []
[2024-04-26 07:21:20] merlin-logger.DEBUG: Post 2581 was marked for post-processing, but none was required. [] []
[2024-04-26 07:21:20] merlin-logger.DEBUG: Running post-processing for post 2582 [] []
[2024-04-26 07:21:20] merlin-logger.WARNING: Could not find the author for "client-04" (post #2582) [] []
[2024-04-26 07:21:20] merlin-logger.DEBUG: Post 2582 was imported with author "admin", but could not be found [] []
[2024-04-26 07:21:20] merlin-logger.DEBUG: Post 2582 was marked for post-processing, but none was required. [] []
[2024-04-26 07:21:20] merlin-logger.DEBUG: Running post-processing for post 2583 [] []
[2024-04-26 07:21:20] merlin-logger.WARNING: Could not find the author for "client-04-black" (post #2583) [] []
[2024-04-26 07:21:20] merlin-logger.DEBUG: Post 2583 was imported with author "admin", but could not be found [] []
[2024-04-26 07:21:20] merlin-logger.DEBUG: Post 2583 was marked for post-processing, but none was required. [] []
[2024-04-26 07:21:20] merlin-logger.DEBUG: Running post-processing for post 2584 [] []
[2024-04-26 07:21:20] merlin-logger.WARNING: Could not find the author for "client-05" (post #2584) [] []
[2024-04-26 07:21:20] merlin-logger.DEBUG: Post 2584 was imported with author "admin", but could not be found [] []
[2024-04-26 07:21:20] merlin-logger.DEBUG: Post 2584 was marked for post-processing, but none was required. [] []
[2024-04-26 07:21:20] merlin-logger.DEBUG: Running post-processing for post 2585 [] []
[2024-04-26 07:21:20] merlin-logger.WARNING: Could not find the author for "client-05-black" (post #2585) [] []
[2024-04-26 07:21:20] merlin-logger.DEBUG: Post 2585 was imported with author "admin", but could not be found [] []
[2024-04-26 07:21:20] merlin-logger.DEBUG: Post 2585 was marked for post-processing, but none was required. [] []
[2024-04-26 07:21:20] merlin-logger.DEBUG: Running post-processing for post 2586 [] []
[2024-04-26 07:21:20] merlin-logger.WARNING: Could not find the author for "client-06" (post #2586) [] []
[2024-04-26 07:21:20] merlin-logger.DEBUG: Post 2586 was imported with author "admin", but could not be found [] []
[2024-04-26 07:21:20] merlin-logger.DEBUG: Post 2586 was marked for post-processing, but none was required. [] []
[2024-04-26 07:21:20] merlin-logger.DEBUG: Running post-processing for post 2587 [] []
[2024-04-26 07:21:20] merlin-logger.WARNING: Could not find the author for "client-06-black" (post #2587) [] []
[2024-04-26 07:21:20] merlin-logger.DEBUG: Post 2587 was imported with author "admin", but could not be found [] []
[2024-04-26 07:21:20] merlin-logger.DEBUG: Post 2587 was marked for post-processing, but none was required. [] []
[2024-04-26 07:21:20] merlin-logger.DEBUG: Running post-processing for post 2588 [] []
[2024-04-26 07:21:20] merlin-logger.WARNING: Could not find the author for "client-07" (post #2588) [] []
[2024-04-26 07:21:20] merlin-logger.DEBUG: Post 2588 was imported with author "admin", but could not be found [] []
[2024-04-26 07:21:20] merlin-logger.DEBUG: Post 2588 was marked for post-processing, but none was required. [] []
[2024-04-26 07:21:20] merlin-logger.DEBUG: Running post-processing for post 2589 [] []
[2024-04-26 07:21:20] merlin-logger.WARNING: Could not find the author for "client-07-black" (post #2589) [] []
[2024-04-26 07:21:20] merlin-logger.DEBUG: Post 2589 was imported with author "admin", but could not be found [] []
[2024-04-26 07:21:20] merlin-logger.DEBUG: Post 2589 was marked for post-processing, but none was required. [] []
[2024-04-26 07:21:20] merlin-logger.DEBUG: Running post-processing for post 2590 [] []
[2024-04-26 07:21:20] merlin-logger.WARNING: Could not find the author for "client-08" (post #2590) [] []
[2024-04-26 07:21:20] merlin-logger.DEBUG: Post 2590 was imported with author "admin", but could not be found [] []
[2024-04-26 07:21:20] merlin-logger.DEBUG: Post 2590 was marked for post-processing, but none was required. [] []
[2024-04-26 07:21:20] merlin-logger.DEBUG: Running post-processing for post 2591 [] []
[2024-04-26 07:21:20] merlin-logger.WARNING: Could not find the author for "client-08-black" (post #2591) [] []
[2024-04-26 07:21:20] merlin-logger.DEBUG: Post 2591 was imported with author "admin", but could not be found [] []
[2024-04-26 07:21:20] merlin-logger.DEBUG: Post 2591 was marked for post-processing, but none was required. [] []
[2024-04-26 07:21:20] merlin-logger.DEBUG: Running post-processing for post 2592 [] []
[2024-04-26 07:21:20] merlin-logger.WARNING: Could not find the author for "team1" (post #2592) [] []
[2024-04-26 07:21:20] merlin-logger.DEBUG: Post 2592 was imported with author "admin", but could not be found [] []
[2024-04-26 07:21:20] merlin-logger.DEBUG: Post 2592 was marked for post-processing, but none was required. [] []
[2024-04-26 07:21:20] merlin-logger.DEBUG: Running post-processing for post 2593 [] []
[2024-04-26 07:21:20] merlin-logger.WARNING: Could not find the author for "team2" (post #2593) [] []
[2024-04-26 07:21:20] merlin-logger.DEBUG: Post 2593 was imported with author "admin", but could not be found [] []
[2024-04-26 07:21:20] merlin-logger.DEBUG: Post 2593 was marked for post-processing, but none was required. [] []
[2024-04-26 07:21:20] merlin-logger.DEBUG: Running post-processing for post 2594 [] []
[2024-04-26 07:21:20] merlin-logger.WARNING: Could not find the author for "team3" (post #2594) [] []
[2024-04-26 07:21:20] merlin-logger.DEBUG: Post 2594 was imported with author "admin", but could not be found [] []
[2024-04-26 07:21:20] merlin-logger.DEBUG: Post 2594 was marked for post-processing, but none was required. [] []
[2024-04-26 07:21:20] merlin-logger.DEBUG: Running post-processing for post 2595 [] []
[2024-04-26 07:21:20] merlin-logger.WARNING: Could not find the author for "team4" (post #2595) [] []
[2024-04-26 07:21:20] merlin-logger.DEBUG: Post 2595 was imported with author "admin", but could not be found [] []
[2024-04-26 07:21:20] merlin-logger.DEBUG: Post 2595 was marked for post-processing, but none was required. [] []
[2024-04-26 07:21:20] merlin-logger.DEBUG: Running post-processing for post 2596 [] []
[2024-04-26 07:21:20] merlin-logger.WARNING: Could not find the author for "team5" (post #2596) [] []
[2024-04-26 07:21:20] merlin-logger.DEBUG: Post 2596 was imported with author "admin", but could not be found [] []
[2024-04-26 07:21:20] merlin-logger.DEBUG: Post 2596 was marked for post-processing, but none was required. [] []
[2024-04-26 07:21:20] merlin-logger.DEBUG: Running post-processing for post 2736 [] []
[2024-04-26 07:21:20] merlin-logger.WARNING: Could not find the author for "studio01" (post #2736) [] []
[2024-04-26 07:21:20] merlin-logger.DEBUG: Post 2736 was imported with author "admin", but could not be found [] []
[2024-04-26 07:21:20] merlin-logger.DEBUG: Post 2736 was marked for post-processing, but none was required. [] []
[2024-04-26 07:21:20] merlin-logger.DEBUG: Running post-processing for post 2737 [] []
[2024-04-26 07:21:20] merlin-logger.WARNING: Could not find the author for "studio02" (post #2737) [] []
[2024-04-26 07:21:20] merlin-logger.DEBUG: Post 2737 was imported with author "admin", but could not be found [] []
[2024-04-26 07:21:20] merlin-logger.DEBUG: Post 2737 was marked for post-processing, but none was required. [] []
[2024-04-26 07:21:20] merlin-logger.DEBUG: Running post-processing for post 2738 [] []
[2024-04-26 07:21:20] merlin-logger.WARNING: Could not find the author for "studio03" (post #2738) [] []
[2024-04-26 07:21:20] merlin-logger.DEBUG: Post 2738 was imported with author "admin", but could not be found [] []
[2024-04-26 07:21:20] merlin-logger.DEBUG: Post 2738 was marked for post-processing, but none was required. [] []
[2024-04-26 07:21:20] merlin-logger.DEBUG: Running post-processing for post 2739 [] []
[2024-04-26 07:21:20] merlin-logger.WARNING: Could not find the author for "studio04" (post #2739) [] []
[2024-04-26 07:21:20] merlin-logger.DEBUG: Post 2739 was imported with author "admin", but could not be found [] []
[2024-04-26 07:21:20] merlin-logger.DEBUG: Post 2739 was marked for post-processing, but none was required. [] []
[2024-04-26 07:21:20] merlin-logger.DEBUG: Running post-processing for post 2756 [] []
[2024-04-26 07:21:20] merlin-logger.WARNING: Could not find the author for "about" (post #2756) [] []
[2024-04-26 07:21:20] merlin-logger.DEBUG: Post 2756 was imported with author "admin", but could not be found [] []
[2024-04-26 07:21:20] merlin-logger.DEBUG: Running post-processing for post 2837 [] []
[2024-04-26 07:21:20] merlin-logger.WARNING: Could not find the author for "london01" (post #2837) [] []
[2024-04-26 07:21:20] merlin-logger.DEBUG: Post 2837 was imported with author "admin", but could not be found [] []
[2024-04-26 07:21:20] merlin-logger.DEBUG: Running post-processing for post 2838 [] []
[2024-04-26 07:21:20] merlin-logger.WARNING: Could not find the author for "london02" (post #2838) [] []
[2024-04-26 07:21:20] merlin-logger.DEBUG: Post 2838 was imported with author "admin", but could not be found [] []
[2024-04-26 07:21:20] merlin-logger.DEBUG: Running post-processing for post 2839 [] []
[2024-04-26 07:21:20] merlin-logger.WARNING: Could not find the author for "london03" (post #2839) [] []
[2024-04-26 07:21:20] merlin-logger.DEBUG: Post 2839 was imported with author "admin", but could not be found [] []
[2024-04-26 07:21:20] merlin-logger.DEBUG: Running post-processing for post 2843 [] []
[2024-04-26 07:21:20] merlin-logger.WARNING: Could not find the author for "london04" (post #2843) [] []
[2024-04-26 07:21:20] merlin-logger.DEBUG: Post 2843 was imported with author "admin", but could not be found [] []
[2024-04-26 07:21:20] merlin-logger.DEBUG: Running post-processing for post 2844 [] []
[2024-04-26 07:21:20] merlin-logger.WARNING: Could not find the author for "london05" (post #2844) [] []
[2024-04-26 07:21:20] merlin-logger.DEBUG: Post 2844 was imported with author "admin", but could not be found [] []
[2024-04-26 07:21:20] merlin-logger.DEBUG: Running post-processing for post 2845 [] []
[2024-04-26 07:21:20] merlin-logger.WARNING: Could not find the author for "london06" (post #2845) [] []
[2024-04-26 07:21:20] merlin-logger.DEBUG: Post 2845 was imported with author "admin", but could not be found [] []
[2024-04-26 07:21:20] merlin-logger.DEBUG: Running post-processing for post 2850 [] []
[2024-04-26 07:21:20] merlin-logger.WARNING: Could not find the author for "image01" (post #2850) [] []
[2024-04-26 07:21:20] merlin-logger.DEBUG: Post 2850 was imported with author "admin", but could not be found [] []
[2024-04-26 07:21:20] merlin-logger.DEBUG: Running post-processing for post 2851 [] []
[2024-04-26 07:21:20] merlin-logger.WARNING: Could not find the author for "image02" (post #2851) [] []
[2024-04-26 07:21:20] merlin-logger.DEBUG: Post 2851 was imported with author "admin", but could not be found [] []
[2024-04-26 07:21:20] merlin-logger.DEBUG: Running post-processing for post 2852 [] []
[2024-04-26 07:21:20] merlin-logger.WARNING: Could not find the author for "image03" (post #2852) [] []
[2024-04-26 07:21:20] merlin-logger.DEBUG: Post 2852 was imported with author "admin", but could not be found [] []
[2024-04-26 07:21:20] merlin-logger.DEBUG: Running post-processing for post 2853 [] []
[2024-04-26 07:21:20] merlin-logger.WARNING: Could not find the author for "image04" (post #2853) [] []
[2024-04-26 07:21:20] merlin-logger.DEBUG: Post 2853 was imported with author "admin", but could not be found [] []
[2024-04-26 07:21:20] merlin-logger.DEBUG: Running post-processing for post 2858 [] []
[2024-04-26 07:21:20] merlin-logger.WARNING: Could not find the author for "moon01" (post #2858) [] []
[2024-04-26 07:21:20] merlin-logger.DEBUG: Post 2858 was imported with author "admin", but could not be found [] []
[2024-04-26 07:21:21] merlin-logger.DEBUG: Running post-processing for post 2859 [] []
[2024-04-26 07:21:21] merlin-logger.WARNING: Could not find the author for "moon02" (post #2859) [] []
[2024-04-26 07:21:21] merlin-logger.DEBUG: Post 2859 was imported with author "admin", but could not be found [] []
[2024-04-26 07:21:21] merlin-logger.DEBUG: Running post-processing for post 2860 [] []
[2024-04-26 07:21:21] merlin-logger.WARNING: Could not find the author for "moon03" (post #2860) [] []
[2024-04-26 07:21:21] merlin-logger.DEBUG: Post 2860 was imported with author "admin", but could not be found [] []
[2024-04-26 07:21:21] merlin-logger.DEBUG: Running post-processing for post 2869 [] []
[2024-04-26 07:21:21] merlin-logger.WARNING: Could not find the author for "listen01" (post #2869) [] []
[2024-04-26 07:21:21] merlin-logger.DEBUG: Post 2869 was imported with author "admin", but could not be found [] []
[2024-04-26 07:21:21] merlin-logger.DEBUG: Running post-processing for post 2870 [] []
[2024-04-26 07:21:21] merlin-logger.WARNING: Could not find the author for "listen02" (post #2870) [] []
[2024-04-26 07:21:21] merlin-logger.DEBUG: Post 2870 was imported with author "admin", but could not be found [] []
[2024-04-26 07:21:21] merlin-logger.DEBUG: Running post-processing for post 2871 [] []
[2024-04-26 07:21:21] merlin-logger.WARNING: Could not find the author for "listen03" (post #2871) [] []
[2024-04-26 07:21:21] merlin-logger.DEBUG: Post 2871 was imported with author "admin", but could not be found [] []
[2024-04-26 07:21:21] merlin-logger.DEBUG: Running post-processing for post 2872 [] []
[2024-04-26 07:21:21] merlin-logger.WARNING: Could not find the author for "listen06" (post #2872) [] []
[2024-04-26 07:21:21] merlin-logger.DEBUG: Post 2872 was imported with author "admin", but could not be found [] []
[2024-04-26 07:21:21] merlin-logger.DEBUG: Running post-processing for post 2883 [] []
[2024-04-26 07:21:21] merlin-logger.WARNING: Could not find the author for "hotel01" (post #2883) [] []
[2024-04-26 07:21:21] merlin-logger.DEBUG: Post 2883 was imported with author "admin", but could not be found [] []
[2024-04-26 07:21:21] merlin-logger.DEBUG: Running post-processing for post 2884 [] []
[2024-04-26 07:21:21] merlin-logger.WARNING: Could not find the author for "hotel02" (post #2884) [] []
[2024-04-26 07:21:21] merlin-logger.DEBUG: Post 2884 was imported with author "admin", but could not be found [] []
[2024-04-26 07:21:21] merlin-logger.DEBUG: Running post-processing for post 2885 [] []
[2024-04-26 07:21:21] merlin-logger.WARNING: Could not find the author for "hotel03" (post #2885) [] []
[2024-04-26 07:21:21] merlin-logger.DEBUG: Post 2885 was imported with author "admin", but could not be found [] []
[2024-04-26 07:21:21] merlin-logger.DEBUG: Running post-processing for post 2886 [] []
[2024-04-26 07:21:21] merlin-logger.WARNING: Could not find the author for "hotel04" (post #2886) [] []
[2024-04-26 07:21:21] merlin-logger.DEBUG: Post 2886 was imported with author "admin", but could not be found [] []
[2024-04-26 07:21:21] merlin-logger.DEBUG: Running post-processing for post 2887 [] []
[2024-04-26 07:21:21] merlin-logger.WARNING: Could not find the author for "hotel05" (post #2887) [] []
[2024-04-26 07:21:21] merlin-logger.DEBUG: Post 2887 was imported with author "admin", but could not be found [] []
[2024-04-26 07:21:21] merlin-logger.DEBUG: Running post-processing for post 2888 [] []
[2024-04-26 07:21:21] merlin-logger.WARNING: Could not find the author for "hotel06" (post #2888) [] []
[2024-04-26 07:21:21] merlin-logger.DEBUG: Post 2888 was imported with author "admin", but could not be found [] []
[2024-04-26 07:21:21] merlin-logger.DEBUG: Running post-processing for post 2889 [] []
[2024-04-26 07:21:21] merlin-logger.WARNING: Could not find the author for "hotel07" (post #2889) [] []
[2024-04-26 07:21:21] merlin-logger.DEBUG: Post 2889 was imported with author "admin", but could not be found [] []
[2024-04-26 07:21:21] merlin-logger.DEBUG: Running post-processing for post 2890 [] []
[2024-04-26 07:21:21] merlin-logger.WARNING: Could not find the author for "hotel08" (post #2890) [] []
[2024-04-26 07:21:21] merlin-logger.DEBUG: Post 2890 was imported with author "admin", but could not be found [] []
[2024-04-26 07:21:21] merlin-logger.DEBUG: Running post-processing for post 2895 [] []
[2024-04-26 07:21:21] merlin-logger.WARNING: Could not find the author for "liquify01" (post #2895) [] []
[2024-04-26 07:21:21] merlin-logger.DEBUG: Post 2895 was imported with author "admin", but could not be found [] []
[2024-04-26 07:21:21] merlin-logger.DEBUG: Running post-processing for post 2896 [] []
[2024-04-26 07:21:21] merlin-logger.WARNING: Could not find the author for "liquify02" (post #2896) [] []
[2024-04-26 07:21:21] merlin-logger.DEBUG: Post 2896 was imported with author "admin", but could not be found [] []
[2024-04-26 07:21:22] merlin-logger.DEBUG: Running post-processing for post 2897 [] []
[2024-04-26 07:21:22] merlin-logger.WARNING: Could not find the author for "liquify03" (post #2897) [] []
[2024-04-26 07:21:22] merlin-logger.DEBUG: Post 2897 was imported with author "admin", but could not be found [] []
[2024-04-26 07:21:22] merlin-logger.DEBUG: Running post-processing for post 2898 [] []
[2024-04-26 07:21:22] merlin-logger.WARNING: Could not find the author for "orenda01" (post #2898) [] []
[2024-04-26 07:21:22] merlin-logger.DEBUG: Post 2898 was imported with author "admin", but could not be found [] []
[2024-04-26 07:21:22] merlin-logger.DEBUG: Running post-processing for post 2899 [] []
[2024-04-26 07:21:22] merlin-logger.WARNING: Could not find the author for "orenda02" (post #2899) [] []
[2024-04-26 07:21:22] merlin-logger.DEBUG: Post 2899 was imported with author "admin", but could not be found [] []
[2024-04-26 07:21:22] merlin-logger.DEBUG: Running post-processing for post 2901 [] []
[2024-04-26 07:21:22] merlin-logger.WARNING: Could not find the author for "orenda03" (post #2901) [] []
[2024-04-26 07:21:22] merlin-logger.DEBUG: Post 2901 was imported with author "admin", but could not be found [] []
[2024-04-26 07:21:22] merlin-logger.DEBUG: Running post-processing for post 2902 [] []
[2024-04-26 07:21:22] merlin-logger.WARNING: Could not find the author for "orenda04" (post #2902) [] []
[2024-04-26 07:21:22] merlin-logger.DEBUG: Post 2902 was imported with author "admin", but could not be found [] []
[2024-04-26 07:21:22] merlin-logger.DEBUG: Running post-processing for post 2903 [] []
[2024-04-26 07:21:22] merlin-logger.WARNING: Could not find the author for "orenda05" (post #2903) [] []
[2024-04-26 07:21:22] merlin-logger.DEBUG: Post 2903 was imported with author "admin", but could not be found [] []
[2024-04-26 07:21:22] merlin-logger.DEBUG: Running post-processing for post 2904 [] []
[2024-04-26 07:21:22] merlin-logger.WARNING: Could not find the author for "opulence01" (post #2904) [] []
[2024-04-26 07:21:22] merlin-logger.DEBUG: Post 2904 was imported with author "admin", but could not be found [] []
[2024-04-26 07:21:22] merlin-logger.DEBUG: Running post-processing for post 2905 [] []
[2024-04-26 07:21:22] merlin-logger.WARNING: Could not find the author for "opulence02" (post #2905) [] []
[2024-04-26 07:21:22] merlin-logger.DEBUG: Post 2905 was imported with author "admin", but could not be found [] []
[2024-04-26 07:21:22] merlin-logger.DEBUG: Running post-processing for post 2906 [] []
[2024-04-26 07:21:22] merlin-logger.WARNING: Could not find the author for "opulence03" (post #2906) [] []
[2024-04-26 07:21:22] merlin-logger.DEBUG: Post 2906 was imported with author "admin", but could not be found [] []
[2024-04-26 07:21:22] merlin-logger.DEBUG: Running post-processing for post 2907 [] []
[2024-04-26 07:21:22] merlin-logger.WARNING: Could not find the author for "opulence04" (post #2907) [] []
[2024-04-26 07:21:22] merlin-logger.DEBUG: Post 2907 was imported with author "admin", but could not be found [] []
[2024-04-26 07:21:22] merlin-logger.DEBUG: Running post-processing for post 2908 [] []
[2024-04-26 07:21:22] merlin-logger.WARNING: Could not find the author for "opulence05" (post #2908) [] []
[2024-04-26 07:21:22] merlin-logger.DEBUG: Post 2908 was imported with author "admin", but could not be found [] []
[2024-04-26 07:21:22] merlin-logger.DEBUG: Running post-processing for post 3006 [] []
[2024-04-26 07:21:22] merlin-logger.WARNING: Could not find the author for "collage01" (post #3006) [] []
[2024-04-26 07:21:22] merlin-logger.DEBUG: Post 3006 was imported with author "admin", but could not be found [] []
[2024-04-26 07:21:22] merlin-logger.DEBUG: Running post-processing for post 3007 [] []
[2024-04-26 07:21:22] merlin-logger.WARNING: Could not find the author for "collage02" (post #3007) [] []
[2024-04-26 07:21:22] merlin-logger.DEBUG: Post 3007 was imported with author "admin", but could not be found [] []
[2024-04-26 07:21:22] merlin-logger.DEBUG: Running post-processing for post 2597 [] []
[2024-04-26 07:21:22] merlin-logger.WARNING: Could not find the author for "Only Opulence" (post #2597) [] []
[2024-04-26 07:21:22] merlin-logger.DEBUG: Post 2597 was imported with author "admin", but could not be found [] []
[2024-04-26 07:21:22] merlin-logger.DEBUG: Post 2597 was marked for post-processing, but none was required. [] []
[2024-04-26 07:21:22] merlin-logger.DEBUG: Running post-processing for post 2598 [] []
[2024-04-26 07:21:22] merlin-logger.WARNING: Could not find the author for "Orenda Coffee" (post #2598) [] []
[2024-04-26 07:21:22] merlin-logger.DEBUG: Post 2598 was imported with author "admin", but could not be found [] []
[2024-04-26 07:21:22] merlin-logger.DEBUG: Post 2598 was marked for post-processing, but none was required. [] []
[2024-04-26 07:21:22] merlin-logger.DEBUG: Running post-processing for post 2599 [] []
[2024-04-26 07:21:22] merlin-logger.WARNING: Could not find the author for "Liquify Typography" (post #2599) [] []
[2024-04-26 07:21:22] merlin-logger.DEBUG: Post 2599 was imported with author "admin", but could not be found [] []
[2024-04-26 07:21:22] merlin-logger.DEBUG: Post 2599 was marked for post-processing, but none was required. [] []
[2024-04-26 07:21:22] merlin-logger.DEBUG: Running post-processing for post 2600 [] []
[2024-04-26 07:21:22] merlin-logger.WARNING: Could not find the author for "Hotel Room" (post #2600) [] []
[2024-04-26 07:21:22] merlin-logger.DEBUG: Post 2600 was imported with author "admin", but could not be found [] []
[2024-04-26 07:21:22] merlin-logger.DEBUG: Post 2600 was marked for post-processing, but none was required. [] []
[2024-04-26 07:21:22] merlin-logger.DEBUG: Running post-processing for post 2601 [] []
[2024-04-26 07:21:22] merlin-logger.WARNING: Could not find the author for "Listen Everything" (post #2601) [] []
[2024-04-26 07:21:22] merlin-logger.DEBUG: Post 2601 was imported with author "admin", but could not be found [] []
[2024-04-26 07:21:22] merlin-logger.DEBUG: Post 2601 was marked for post-processing, but none was required. [] []
[2024-04-26 07:21:22] merlin-logger.DEBUG: Running post-processing for post 2602 [] []
[2024-04-26 07:21:22] merlin-logger.WARNING: Could not find the author for "Moon Purple Dust" (post #2602) [] []
[2024-04-26 07:21:22] merlin-logger.DEBUG: Post 2602 was imported with author "admin", but could not be found [] []
[2024-04-26 07:21:22] merlin-logger.DEBUG: Post 2602 was marked for post-processing, but none was required. [] []
[2024-04-26 07:21:22] merlin-logger.DEBUG: Running post-processing for post 2603 [] []
[2024-04-26 07:21:22] merlin-logger.WARNING: Could not find the author for "Font Porlane" (post #2603) [] []
[2024-04-26 07:21:22] merlin-logger.DEBUG: Post 2603 was imported with author "admin", but could not be found [] []
[2024-04-26 07:21:22] merlin-logger.DEBUG: Post 2603 was marked for post-processing, but none was required. [] []
[2024-04-26 07:21:22] merlin-logger.DEBUG: Running post-processing for post 2604 [] []
[2024-04-26 07:21:22] merlin-logger.WARNING: Could not find the author for "London Royal Theatre" (post #2604) [] []
[2024-04-26 07:21:22] merlin-logger.DEBUG: Post 2604 was imported with author "admin", but could not be found [] []
[2024-04-26 07:21:22] merlin-logger.DEBUG: Post 2604 was marked for post-processing, but none was required. [] []
[2024-04-26 07:21:22] merlin-logger.DEBUG: Running post-processing for post 2609 [] []
[2024-04-26 07:21:22] merlin-logger.WARNING: Could not find the author for "Portfolio" (post #2609) [] []
[2024-04-26 07:21:22] merlin-logger.DEBUG: Post 2609 was imported with author "admin", but could not be found [] []
[2024-04-26 07:21:22] merlin-logger.DEBUG: Post 2609 was marked for post-processing, but none was required. [] []
[2024-04-26 07:21:22] merlin-logger.DEBUG: Running post-processing for post 2610 [] []
[2024-04-26 07:21:22] merlin-logger.WARNING: Could not find the author for "" (post #2610) [] []
[2024-04-26 07:21:22] merlin-logger.DEBUG: Post 2610 was imported with author "admin", but could not be found [] []
[2024-04-26 07:21:22] merlin-logger.DEBUG: Post 2610 was marked for post-processing, but none was required. [] []
[2024-04-26 07:21:22] merlin-logger.DEBUG: Running post-processing for post 2916 [] []
[2024-04-26 07:21:22] merlin-logger.WARNING: Could not find the author for "" (post #2916) [] []
[2024-04-26 07:21:22] merlin-logger.DEBUG: Post 2916 was imported with author "admin", but could not be found [] []
[2024-04-26 07:21:22] merlin-logger.DEBUG: Post 2916 was marked for post-processing, but none was required. [] []
[2024-04-26 07:21:22] merlin-logger.DEBUG: Running post-processing for post 3008 [] []
[2024-04-26 07:21:22] merlin-logger.WARNING: Could not find the author for "collage03" (post #3008) [] []
[2024-04-26 07:21:22] merlin-logger.DEBUG: Post 3008 was imported with author "admin", but could not be found [] []
[2024-04-26 07:21:22] merlin-logger.DEBUG: Running post-processing for post 3009 [] []
[2024-04-26 07:21:22] merlin-logger.WARNING: Could not find the author for "collage04" (post #3009) [] []
[2024-04-26 07:21:22] merlin-logger.DEBUG: Post 3009 was imported with author "admin", but could not be found [] []
[2024-04-26 07:21:22] merlin-logger.DEBUG: Running post-processing for post 3010 [] []
[2024-04-26 07:21:22] merlin-logger.WARNING: Could not find the author for "collage05" (post #3010) [] []
[2024-04-26 07:21:22] merlin-logger.DEBUG: Post 3010 was imported with author "admin", but could not be found [] []
[2024-04-26 07:21:22] merlin-logger.DEBUG: Running post-processing for post 3011 [] []
[2024-04-26 07:21:22] merlin-logger.WARNING: Could not find the author for "collage06" (post #3011) [] []
[2024-04-26 07:21:22] merlin-logger.DEBUG: Post 3011 was imported with author "admin", but could not be found [] []
[2024-04-26 07:21:22] merlin-logger.DEBUG: Running post-processing for post 3012 [] []
[2024-04-26 07:21:22] merlin-logger.WARNING: Could not find the author for "collage07" (post #3012) [] []
[2024-04-26 07:21:22] merlin-logger.DEBUG: Post 3012 was imported with author "admin", but could not be found [] []
[2024-04-26 07:21:22] merlin-logger.DEBUG: Running post-processing for post 3015 [] []
[2024-04-26 07:21:22] merlin-logger.WARNING: Could not find the author for "image01" (post #3015) [] []
[2024-04-26 07:21:22] merlin-logger.DEBUG: Post 3015 was imported with author "admin", but could not be found [] []
[2024-04-26 07:21:22] merlin-logger.DEBUG: Running post-processing for post 3016 [] []
[2024-04-26 07:21:22] merlin-logger.WARNING: Could not find the author for "image02" (post #3016) [] []
[2024-04-26 07:21:22] merlin-logger.DEBUG: Post 3016 was imported with author "admin", but could not be found [] []
[2024-04-26 07:21:23] merlin-logger.DEBUG: Running post-processing for post 3017 [] []
[2024-04-26 07:21:23] merlin-logger.WARNING: Could not find the author for "image03" (post #3017) [] []
[2024-04-26 07:21:23] merlin-logger.DEBUG: Post 3017 was imported with author "admin", but could not be found [] []
[2024-04-26 07:21:23] merlin-logger.DEBUG: Running post-processing for post 3018 [] []
[2024-04-26 07:21:23] merlin-logger.WARNING: Could not find the author for "image04" (post #3018) [] []
[2024-04-26 07:21:23] merlin-logger.DEBUG: Post 3018 was imported with author "admin", but could not be found [] []
[2024-04-26 07:21:23] merlin-logger.DEBUG: Running post-processing for post 3019 [] []
[2024-04-26 07:21:23] merlin-logger.WARNING: Could not find the author for "Privacy Policy" (post #3019) [] []
[2024-04-26 07:21:23] merlin-logger.DEBUG: Post 3019 was imported with author "admin", but could not be found [] []
[2024-04-26 07:21:23] merlin-logger.DEBUG: Post 3019 was marked for post-processing, but none was required. [] []
[2024-04-26 07:21:23] merlin-logger.DEBUG: Running post-processing for post 2623 [] []
[2024-04-26 07:21:23] merlin-logger.WARNING: Could not find the author for "Home" (post #2623) [] []
[2024-04-26 07:21:23] merlin-logger.DEBUG: Post 2623 was imported with author "admin", but could not be found [] []
[2024-04-26 07:21:23] merlin-logger.DEBUG: Post 2623 was marked for post-processing, but none was required. [] []
[2024-04-26 07:21:23] merlin-logger.DEBUG: Running post-processing for post 2624 [] []
[2024-04-26 07:21:23] merlin-logger.WARNING: Could not find the author for "" (post #2624) [] []
[2024-04-26 07:21:23] merlin-logger.DEBUG: Post 2624 was imported with author "admin", but could not be found [] []
[2024-04-26 07:21:23] merlin-logger.DEBUG: Post 2624 was marked for post-processing, but none was required. [] []
[2024-04-26 07:21:23] merlin-logger.DEBUG: Running post-processing for post 2625 [] []
[2024-04-26 07:21:23] merlin-logger.WARNING: Could not find the author for "" (post #2625) [] []
[2024-04-26 07:21:23] merlin-logger.DEBUG: Post 2625 was imported with author "admin", but could not be found [] []
[2024-04-26 07:21:23] merlin-logger.DEBUG: Post 2625 was marked for post-processing, but none was required. [] []
[2024-04-26 07:21:23] merlin-logger.DEBUG: Running post-processing for post 2626 [] []
[2024-04-26 07:21:23] merlin-logger.WARNING: Could not find the author for "" (post #2626) [] []
[2024-04-26 07:21:23] merlin-logger.DEBUG: Post 2626 was imported with author "admin", but could not be found [] []
[2024-04-26 07:21:23] merlin-logger.DEBUG: Post 2626 was marked for post-processing, but none was required. [] []
[2024-04-26 07:21:23] merlin-logger.DEBUG: Running post-processing for post 2627 [] []
[2024-04-26 07:21:23] merlin-logger.WARNING: Could not find the author for "" (post #2627) [] []
[2024-04-26 07:21:23] merlin-logger.DEBUG: Post 2627 was imported with author "admin", but could not be found [] []
[2024-04-26 07:21:23] merlin-logger.DEBUG: Post 2627 was marked for post-processing, but none was required. [] []
[2024-04-26 07:21:23] merlin-logger.DEBUG: Running post-processing for post 2628 [] []
[2024-04-26 07:21:23] merlin-logger.WARNING: Could not find the author for "" (post #2628) [] []
[2024-04-26 07:21:23] merlin-logger.DEBUG: Post 2628 was imported with author "admin", but could not be found [] []
[2024-04-26 07:21:23] merlin-logger.DEBUG: Post 2628 was marked for post-processing, but none was required. [] []
[2024-04-26 07:21:23] merlin-logger.DEBUG: Running post-processing for post 2629 [] []
[2024-04-26 07:21:23] merlin-logger.WARNING: Could not find the author for "" (post #2629) [] []
[2024-04-26 07:21:23] merlin-logger.DEBUG: Post 2629 was imported with author "admin", but could not be found [] []
[2024-04-26 07:21:23] merlin-logger.DEBUG: Post 2629 was marked for post-processing, but none was required. [] []
[2024-04-26 07:21:23] merlin-logger.DEBUG: Running post-processing for post 2630 [] []
[2024-04-26 07:21:23] merlin-logger.WARNING: Could not find the author for "" (post #2630) [] []
[2024-04-26 07:21:23] merlin-logger.DEBUG: Post 2630 was imported with author "admin", but could not be found [] []
[2024-04-26 07:21:23] merlin-logger.DEBUG: Post 2630 was marked for post-processing, but none was required. [] []
[2024-04-26 07:21:23] merlin-logger.DEBUG: Running post-processing for post 2715 [] []
[2024-04-26 07:21:23] merlin-logger.WARNING: Could not find the author for "" (post #2715) [] []
[2024-04-26 07:21:23] merlin-logger.DEBUG: Post 2715 was imported with author "admin", but could not be found [] []
[2024-04-26 07:21:23] merlin-logger.DEBUG: Post 2715 was marked for post-processing, but none was required. [] []
[2024-04-26 07:21:23] merlin-logger.DEBUG: Running post-processing for post 2716 [] []
[2024-04-26 07:21:23] merlin-logger.WARNING: Could not find the author for "" (post #2716) [] []
[2024-04-26 07:21:23] merlin-logger.DEBUG: Post 2716 was imported with author "admin", but could not be found [] []
[2024-04-26 07:21:23] merlin-logger.DEBUG: Post 2716 was marked for post-processing, but none was required. [] []
[2024-04-26 07:21:23] merlin-logger.DEBUG: Running post-processing for post 2717 [] []
[2024-04-26 07:21:23] merlin-logger.WARNING: Could not find the author for "" (post #2717) [] []
[2024-04-26 07:21:23] merlin-logger.DEBUG: Post 2717 was imported with author "admin", but could not be found [] []
[2024-04-26 07:21:23] merlin-logger.DEBUG: Post 2717 was marked for post-processing, but none was required. [] []
[2024-04-26 07:21:23] merlin-logger.DEBUG: Running post-processing for post 2718 [] []
[2024-04-26 07:21:23] merlin-logger.WARNING: Could not find the author for "" (post #2718) [] []
[2024-04-26 07:21:23] merlin-logger.DEBUG: Post 2718 was imported with author "admin", but could not be found [] []
[2024-04-26 07:21:23] merlin-logger.DEBUG: Post 2718 was marked for post-processing, but none was required. [] []
[2024-04-26 07:21:23] merlin-logger.DEBUG: Running post-processing for post 2719 [] []
[2024-04-26 07:21:23] merlin-logger.WARNING: Could not find the author for "" (post #2719) [] []
[2024-04-26 07:21:23] merlin-logger.DEBUG: Post 2719 was imported with author "admin", but could not be found [] []
[2024-04-26 07:21:23] merlin-logger.DEBUG: Post 2719 was marked for post-processing, but none was required. [] []
[2024-04-26 07:21:23] merlin-logger.DEBUG: Running post-processing for post 2720 [] []
[2024-04-26 07:21:23] merlin-logger.WARNING: Could not find the author for "More" (post #2720) [] []
[2024-04-26 07:21:23] merlin-logger.DEBUG: Post 2720 was imported with author "admin", but could not be found [] []
[2024-04-26 07:21:23] merlin-logger.DEBUG: Post 2720 was marked for post-processing, but none was required. [] []
[2024-04-26 07:21:23] merlin-logger.DEBUG: Running post-processing for post 2911 [] []
[2024-04-26 07:21:23] merlin-logger.WARNING: Could not find the author for "" (post #2911) [] []
[2024-04-26 07:21:23] merlin-logger.DEBUG: Post 2911 was imported with author "admin", but could not be found [] []
[2024-04-26 07:21:23] merlin-logger.DEBUG: Post 2911 was marked for post-processing, but none was required. [] []
[2024-04-26 07:21:23] merlin-logger.DEBUG: Running post-processing for post 2912 [] []
[2024-04-26 07:21:23] merlin-logger.WARNING: Could not find the author for "" (post #2912) [] []
[2024-04-26 07:21:23] merlin-logger.DEBUG: Post 2912 was imported with author "admin", but could not be found [] []
[2024-04-26 07:21:23] merlin-logger.DEBUG: Post 2912 was marked for post-processing, but none was required. [] []
[2024-04-26 07:21:23] merlin-logger.DEBUG: Running post-processing for post 2913 [] []
[2024-04-26 07:21:23] merlin-logger.WARNING: Could not find the author for "" (post #2913) [] []
[2024-04-26 07:21:23] merlin-logger.DEBUG: Post 2913 was imported with author "admin", but could not be found [] []
[2024-04-26 07:21:23] merlin-logger.DEBUG: Post 2913 was marked for post-processing, but none was required. [] []
[2024-04-26 07:21:23] merlin-logger.DEBUG: Running post-processing for post 2914 [] []
[2024-04-26 07:21:23] merlin-logger.WARNING: Could not find the author for "" (post #2914) [] []
[2024-04-26 07:21:23] merlin-logger.DEBUG: Post 2914 was imported with author "admin", but could not be found [] []
[2024-04-26 07:21:23] merlin-logger.DEBUG: Post 2914 was marked for post-processing, but none was required. [] []
[2024-04-26 07:21:23] merlin-logger.DEBUG: Running post-processing for post 2915 [] []
[2024-04-26 07:21:23] merlin-logger.WARNING: Could not find the author for "" (post #2915) [] []
[2024-04-26 07:21:23] merlin-logger.DEBUG: Post 2915 was imported with author "admin", but could not be found [] []
[2024-04-26 07:21:23] merlin-logger.DEBUG: Post 2915 was marked for post-processing, but none was required. [] []
[2024-04-26 07:21:23] merlin-logger.DEBUG: Running post-processing for post 3020 [] []
[2024-04-26 07:21:23] merlin-logger.WARNING: Could not find the author for "Sample Page" (post #3020) [] []
[2024-04-26 07:21:23] merlin-logger.DEBUG: Post 3020 was imported with author "admin", but could not be found [] []
[2024-04-26 07:21:23] merlin-logger.DEBUG: Post 3020 was marked for post-processing, but none was required. [] []
[2024-04-26 07:21:23] merlin-logger.DEBUG: Running post-processing for post 30 [] []
[2024-04-26 07:21:23] merlin-logger.WARNING: Could not find the author for "Hello world!" (post #30) [] []
[2024-04-26 07:21:23] merlin-logger.DEBUG: Post 30 was imported with author "admin", but could not be found [] []
[2024-04-26 07:21:23] merlin-logger.DEBUG: Post 30 was marked for post-processing, but none was required. [] []
[2024-04-26 07:21:23] merlin-logger.DEBUG: Running post-processing for post 2565 [] []
[2024-04-26 07:21:23] merlin-logger.WARNING: Could not find the author for "Stories" (post #2565) [] []
[2024-04-26 07:21:23] merlin-logger.DEBUG: Post 2565 was imported with author "admin", but could not be found [] []
[2024-04-26 07:21:23] merlin-logger.DEBUG: Post 2565 was marked for post-processing, but none was required. [] []
[2024-04-26 07:21:23] merlin-logger.DEBUG: Running post-processing for post 2605 [] []
[2024-04-26 07:21:23] merlin-logger.WARNING: Could not find the author for "Spaced Metro" (post #2605) [] []
[2024-04-26 07:21:23] merlin-logger.DEBUG: Post 2605 was imported with author "admin", but could not be found [] []
[2024-04-26 07:21:23] merlin-logger.DEBUG: Post 2605 was marked for post-processing, but none was required. [] []
[2024-04-26 07:21:23] merlin-logger.DEBUG: Running post-processing for post 2611 [] []
[2024-04-26 07:21:23] merlin-logger.WARNING: Could not find the author for "Landing Page" (post #2611) [] []
[2024-04-26 07:21:23] merlin-logger.DEBUG: Post 2611 was imported with author "admin", but could not be found [] []
[2024-04-26 07:21:23] merlin-logger.DEBUG: Post 2611 was marked for post-processing, but none was required. [] []
[2024-04-26 07:21:23] merlin-logger.DEBUG: Running post-processing for post 2613 [] []
[2024-04-26 07:21:23] merlin-logger.WARNING: Could not find the author for "Showcase Slider" (post #2613) [] []
[2024-04-26 07:21:23] merlin-logger.DEBUG: Post 2613 was imported with author "admin", but could not be found [] []
[2024-04-26 07:21:23] merlin-logger.DEBUG: Post 2613 was marked for post-processing, but none was required. [] []
[2024-04-26 07:21:23] merlin-logger.DEBUG: Running post-processing for post 2615 [] []
[2024-04-26 07:21:23] merlin-logger.WARNING: Could not find the author for "Showcase Carousel" (post #2615) [] []
[2024-04-26 07:21:23] merlin-logger.DEBUG: Post 2615 was imported with author "admin", but could not be found [] []
[2024-04-26 07:21:23] merlin-logger.DEBUG: Post 2615 was marked for post-processing, but none was required. [] []
[2024-04-26 07:21:23] merlin-logger.DEBUG: Running post-processing for post 2617 [] []
[2024-04-26 07:21:23] merlin-logger.WARNING: Could not find the author for "Parallax Panels" (post #2617) [] []
[2024-04-26 07:21:23] merlin-logger.DEBUG: Post 2617 was imported with author "admin", but could not be found [] []
[2024-04-26 07:21:23] merlin-logger.DEBUG: Post 2617 was marked for post-processing, but none was required. [] []
[2024-04-26 07:21:23] merlin-logger.DEBUG: Running post-processing for post 2619 [] []
[2024-04-26 07:21:23] merlin-logger.WARNING: Could not find the author for "Archive Lists" (post #2619) [] []
[2024-04-26 07:21:23] merlin-logger.DEBUG: Post 2619 was imported with author "admin", but could not be found [] []
[2024-04-26 07:21:23] merlin-logger.DEBUG: Post 2619 was marked for post-processing, but none was required. [] []
[2024-04-26 07:21:23] merlin-logger.DEBUG: Running post-processing for post 2621 [] []
[2024-04-26 07:21:23] merlin-logger.WARNING: Could not find the author for "Reverse Columns" (post #2621) [] []
[2024-04-26 07:21:23] merlin-logger.DEBUG: Post 2621 was imported with author "admin", but could not be found [] []
[2024-04-26 07:21:23] merlin-logger.DEBUG: Post 2621 was marked for post-processing, but none was required. [] []
[2024-04-26 07:21:23] merlin-logger.DEBUG: Running post-processing for post 2631 [] []
[2024-04-26 07:21:23] merlin-logger.WARNING: Could not find the author for "Random Parallax" (post #2631) [] []
[2024-04-26 07:21:23] merlin-logger.DEBUG: Post 2631 was imported with author "admin", but could not be found [] []
[2024-04-26 07:21:23] merlin-logger.DEBUG: Post 2631 was marked for post-processing, but none was required. [] []
[2024-04-26 07:21:23] merlin-logger.DEBUG: Running post-processing for post 2633 [] []
[2024-04-26 07:21:23] merlin-logger.WARNING: Could not find the author for "Ladder Grid" (post #2633) [] []
[2024-04-26 07:21:23] merlin-logger.DEBUG: Post 2633 was imported with author "admin", but could not be found [] []
[2024-04-26 07:21:23] merlin-logger.DEBUG: Post 2633 was marked for post-processing, but none was required. [] []
[2024-04-26 07:21:23] merlin-logger.DEBUG: Running post-processing for post 2635 [] []
[2024-04-26 07:21:23] merlin-logger.WARNING: Could not find the author for "Scaleout Thirds" (post #2635) [] []
[2024-04-26 07:21:23] merlin-logger.DEBUG: Post 2635 was imported with author "admin", but could not be found [] []
[2024-04-26 07:21:23] merlin-logger.DEBUG: Post 2635 was marked for post-processing, but none was required. [] []
[2024-04-26 07:21:23] merlin-logger.DEBUG: Running post-processing for post 2637 [] []
[2024-04-26 07:21:23] merlin-logger.WARNING: Could not find the author for "Classic Duo" (post #2637) [] []
[2024-04-26 07:21:23] merlin-logger.DEBUG: Post 2637 was imported with author "admin", but could not be found [] []
[2024-04-26 07:21:23] merlin-logger.DEBUG: Post 2637 was marked for post-processing, but none was required. [] []
[2024-04-26 07:21:23] merlin-logger.DEBUG: Running post-processing for post 2639 [] []
[2024-04-26 07:21:23] merlin-logger.WARNING: Could not find the author for "Mixed Grid" (post #2639) [] []
[2024-04-26 07:21:23] merlin-logger.DEBUG: Post 2639 was imported with author "admin", but could not be found [] []
[2024-04-26 07:21:23] merlin-logger.DEBUG: Post 2639 was marked for post-processing, but none was required. [] []
[2024-04-26 07:21:23] merlin-logger.DEBUG: Running post-processing for post 2706 [] []
[2024-04-26 07:21:23] merlin-logger.WARNING: Could not find the author for "Shortcodes" (post #2706) [] []
[2024-04-26 07:21:23] merlin-logger.DEBUG: Post 2706 was imported with author "admin", but could not be found [] []
[2024-04-26 07:21:23] merlin-logger.DEBUG: Post 2706 was marked for post-processing, but none was required. [] []
[2024-04-26 07:21:23] merlin-logger.DEBUG: Running post-processing for post 2708 [] []
[2024-04-26 07:21:23] merlin-logger.WARNING: Could not find the author for "Typography" (post #2708) [] []
[2024-04-26 07:21:23] merlin-logger.DEBUG: Post 2708 was imported with author "admin", but could not be found [] []
[2024-04-26 07:21:23] merlin-logger.DEBUG: Post 2708 was marked for post-processing, but none was required. [] []
[2024-04-26 07:21:23] merlin-logger.DEBUG: Running post-processing for post 2710 [] []
[2024-04-26 07:21:23] merlin-logger.WARNING: Could not find the author for "Multimedia" (post #2710) [] []
[2024-04-26 07:21:23] merlin-logger.DEBUG: Post 2710 was imported with author "admin", but could not be found [] []
[2024-04-26 07:21:23] merlin-logger.DEBUG: Running post-processing for post 2711 [] []
[2024-04-26 07:21:23] merlin-logger.WARNING: Could not find the author for "About" (post #2711) [] []
[2024-04-26 07:21:23] merlin-logger.DEBUG: Post 2711 was imported with author "admin", but could not be found [] []
[2024-04-26 07:21:23] merlin-logger.DEBUG: Post 2711 was marked for post-processing, but none was required. [] []
[2024-04-26 07:21:23] merlin-logger.DEBUG: Running post-processing for post 2713 [] []
[2024-04-26 07:21:23] merlin-logger.WARNING: Could not find the author for "Contact" (post #2713) [] []
[2024-04-26 07:21:23] merlin-logger.DEBUG: Post 2713 was imported with author "admin", but could not be found [] []
[2024-04-26 07:21:23] merlin-logger.DEBUG: Post 2713 was marked for post-processing, but none was required. [] []
[2024-04-26 07:21:23] merlin-logger.DEBUG: Running post-processing for post 2551 [] []
[2024-04-26 07:21:23] merlin-logger.WARNING: Could not find the author for "Endless Road Stories" (post #2551) [] []
[2024-04-26 07:21:23] merlin-logger.DEBUG: Post 2551 was imported with author "admin", but could not be found [] []
[2024-04-26 07:21:23] merlin-logger.DEBUG: Post 2551 was marked for post-processing, but none was required. [] []
[2024-04-26 07:21:23] merlin-logger.DEBUG: Running post-processing for post 2553 [] []
[2024-04-26 07:21:23] merlin-logger.WARNING: Could not find the author for "Blonde Surf Girl" (post #2553) [] []
[2024-04-26 07:21:23] merlin-logger.DEBUG: Post 2553 was imported with author "admin", but could not be found [] []
[2024-04-26 07:21:23] merlin-logger.DEBUG: Post 2553 was marked for post-processing, but none was required. [] []
[2024-04-26 07:21:23] merlin-logger.DEBUG: Running post-processing for post 2555 [] []
[2024-04-26 07:21:23] merlin-logger.WARNING: Could not find the author for "Bird Eye Shots" (post #2555) [] []
[2024-04-26 07:21:23] merlin-logger.DEBUG: Post 2555 was imported with author "admin", but could not be found [] []
[2024-04-26 07:21:23] merlin-logger.DEBUG: Post 2555 was marked for post-processing, but none was required. [] []
[2024-04-26 07:21:23] merlin-logger.DEBUG: Running post-processing for post 2557 [] []
[2024-04-26 07:21:23] merlin-logger.WARNING: Could not find the author for "Desert Treasure Hunt" (post #2557) [] []
[2024-04-26 07:21:23] merlin-logger.DEBUG: Post 2557 was imported with author "admin", but could not be found [] []
[2024-04-26 07:21:23] merlin-logger.DEBUG: Post 2557 was marked for post-processing, but none was required. [] []
[2024-04-26 07:21:23] merlin-logger.DEBUG: Running post-processing for post 2559 [] []
[2024-04-26 07:21:23] merlin-logger.WARNING: Could not find the author for "Blue Ocean Waves" (post #2559) [] []
[2024-04-26 07:21:23] merlin-logger.DEBUG: Post 2559 was imported with author "admin", but could not be found [] []
[2024-04-26 07:21:23] merlin-logger.DEBUG: Post 2559 was marked for post-processing, but none was required. [] []
[2024-04-26 07:21:23] merlin-logger.DEBUG: Running post-processing for post 2721 [] []
[2024-04-26 07:21:23] merlin-logger.WARNING: Could not find the author for "Contact form 1" (post #2721) [] []
[2024-04-26 07:21:23] merlin-logger.DEBUG: Post 2721 was imported with author "admin", but could not be found [] []
[2024-04-26 07:21:23] merlin-logger.DEBUG: Post 2721 was marked for post-processing, but none was required. [] []
[2024-04-26 07:21:23] merlin-logger.WARNING: Could not find the author for comment #3 [] []
[2024-04-26 07:21:23] merlin-logger.DEBUG: Comment 3 was imported with author 1, but could not be found [] []
[2024-04-26 07:21:23] merlin-logger.INFO: Starting remapping of featured images [] []
[2024-04-26 07:21:23] merlin-logger.INFO: Remapping featured image ID 9 to new ID 11 for post ID 2551 [] []
[2024-04-26 07:21:23] merlin-logger.INFO: Remapping featured image ID 10 to new ID 12 for post ID 2553 [] []
[2024-04-26 07:21:23] merlin-logger.INFO: Remapping featured image ID 8 to new ID 10 for post ID 2557 [] []
[2024-04-26 07:21:26] merlin-logger.INFO: The content import AJAX call will be executed with this import data {"title":"Widgets","data":"C:\\xampp\\htdocs\\tangio-v1/wp-content/uploads/2024/04/widgets-2024-04-26__07-19-13.json"} []
[2024-04-26 07:21:26] merlin-logger.DEBUG: Blog Sidebar :   Block - No Title - Widget already exists Block - No Title - Imported Block - No Title - Imported   [] []
[2024-04-26 07:21:27] merlin-logger.INFO: The content import AJAX call will be executed with this import data {"title":"Options","data":"C:\\xampp\\htdocs\\tangio-v1/wp-content/uploads/2024/04/options-2024-04-26__07-19-13.dat"} []
[2024-04-26 07:21:28] merlin-logger.INFO: The customizer import has finished successfully [] []
[2024-04-26 07:21:29] merlin-logger.INFO: The content import AJAX call will be executed with this import data {"title":"After import setup","data":0} []
[2024-04-26 07:21:33] merlin-logger.DEBUG: The final step has been displayed [] []
